2014-04-18T02:41:18.513Z - info: read server.conf!
2014-04-18T02:41:18.518Z - info: make nodes
Express server listening on port 3000
[90mGET /wlog [36m304 [90m39ms[0m
[90mGET /lib/jquery.blockUI.js [36m304 [90m8ms[0m
[90mGET /lib/jstree/jstree.min.js [36m304 [90m11ms[0m
[90mGET /lib/timepicker/jquery-ui-timepicker-addon.min.js [36m304 [90m11ms[0m
[90mGET /lib/timepicker/jquery-ui-sliderAccess.js [36m304 [90m17ms[0m
[90mGET /lib/angular.min.js [36m304 [90m16ms[0m
[90mGET /lib/timepicker/jquery-ui-timepicker-addon.min.css [36m304 [90m18ms[0m
[90mGET /lib/jstree/themes/default/style.min.css [36m304 [90m12ms[0m
[90mGET /css/style.css [36m304 [90m12ms[0m
[90mGET /wlog.js [32m200 [90m26ms - 5.57kb[0m
[90mGET /lib/angular.min.js [36m304 [90m1ms[0m
[90mGET /lib/jstree/themes/default/throbber.gif [36m304 [90m2ms[0m
[90mGET /lib/jstree/themes/default/32px.png [36m304 [90m2ms[0m
[90mGET /wlog/nodes.json [36m304 [90m2ms[0m
[90mGET /lib/angular.min.js.map [33m404 [90m2ms[0m
[90mGET /images/document.png [36m304 [90m1ms[0m
>> angular.callbacks._0
[90mGET /wlog/nodeInfo.json?callback=angular.callbacks._0&id=ap01_2 [32m200 [90m2ms - 165b[0m
>> angular.callbacks._0
[90mGET /wlog/nodeInfo.json?callback=angular.callbacks._0&id=ap01_2 [36m304 [90m1ms[0m
[90mGET /wlog [36m304 [90m8ms[0m
[90mGET /lib/jquery.blockUI.js [36m304 [90m2ms[0m
[90mGET /lib/timepicker/jquery-ui-timepicker-addon.min.css [36m304 [90m3ms[0m
[90mGET /lib/jstree/themes/default/style.min.css [36m304 [90m6ms[0m
[90mGET /css/style.css [36m304 [90m3ms[0m
[90mGET /lib/jstree/jstree.min.js [36m304 [90m5ms[0m
[90mGET /lib/timepicker/jquery-ui-timepicker-addon.min.js [36m304 [90m1ms[0m
[90mGET /lib/timepicker/jquery-ui-sliderAccess.js [36m304 [90m1ms[0m
[90mGET /lib/angular.min.js [36m304 [90m9ms[0m
[90mGET /wlog.js [32m200 [90m15ms - 5.53kb[0m
[90mGET /lib/angular.min.js [36m304 [90m2ms[0m
[90mGET /lib/jstree/themes/default/throbber.gif [36m304 [90m3ms[0m
[90mGET /lib/jstree/themes/default/32px.png [36m304 [90m1ms[0m
[90mGET /wlog/nodes.json [36m304 [90m1ms[0m
[90mGET /lib/angular.min.js.map [33m404 [90m3ms[0m
[90mGET /images/document.png [36m304 [90m2ms[0m
>> angular.callbacks._0
[90mGET /wlog/nodeInfo.json?callback=angular.callbacks._0&id=ap01_2 [36m304 [90m1ms[0m
[90mGET /wlog [36m304 [90m8ms[0m
[90mGET /lib/jquery.blockUI.js [36m304 [90m3ms[0m
[90mGET /lib/jstree/jstree.min.js [36m304 [90m5ms[0m
[90mGET /lib/timepicker/jquery-ui-timepicker-addon.min.css [36m304 [90m31ms[0m
[90mGET /lib/jstree/themes/default/style.min.css [36m304 [90m27ms[0m
[90mGET /css/style.css [36m304 [90m7ms[0m
[90mGET /lib/timepicker/jquery-ui-timepicker-addon.min.js [36m304 [90m5ms[0m
[90mGET /lib/timepicker/jquery-ui-sliderAccess.js [36m304 [90m2ms[0m
[90mGET /lib/angular.min.js [36m304 [90m1ms[0m
[90mGET /wlog.js [32m200 [90m3ms - 5.6kb[0m
[90mGET /lib/angular.min.js [36m304 [90m5ms[0m
[90mGET /lib/jstree/themes/default/throbber.gif [36m304 [90m2ms[0m
[90mGET /lib/jstree/themes/default/32px.png [36m304 [90m1ms[0m
[90mGET /wlog/nodes.json [36m304 [90m1ms[0m
[90mGET /lib/angular.min.js.map [33m404 [90m2ms[0m
[90mGET /images/document.png [36m304 [90m2ms[0m
>> angular.callbacks._0
[90mGET /wlog/nodeInfo.json?callback=angular.callbacks._0&id=ap01_3 [32m200 [90m1ms - 165b[0m
[90mGET /wlog [36m304 [90m4ms[0m
[90mGET /lib/jquery.blockUI.js [36m304 [90m2ms[0m
[90mGET /lib/jstree/jstree.min.js [36m304 [90m2ms[0m
[90mGET /lib/timepicker/jquery-ui-timepicker-addon.min.js [36m304 [90m2ms[0m
[90mGET /lib/timepicker/jquery-ui-timepicker-addon.min.css [36m304 [90m1ms[0m
[90mGET /lib/jstree/themes/default/style.min.css [36m304 [90m2ms[0m
[90mGET /css/style.css [36m304 [90m2ms[0m
[90mGET /lib/timepicker/jquery-ui-sliderAccess.js [36m304 [90m7ms[0m
[90mGET /lib/angular.min.js [36m304 [90m6ms[0m
[90mGET /wlog.js [32m200 [90m6ms - 5.57kb[0m
[90mGET /lib/angular.min.js [36m304 [90m2ms[0m
[90mGET /lib/jstree/themes/default/throbber.gif [36m304 [90m1ms[0m
[90mGET /lib/jstree/themes/default/32px.png [36m304 [90m2ms[0m
[90mGET /wlog/nodes.json [36m304 [90m1ms[0m
[90mGET /lib/angular.min.js.map [33m404 [90m0ms[0m
[90mGET /images/document.png [36m304 [90m1ms[0m
>> angular.callbacks._0
[90mGET /wlog/nodeInfo.json?callback=angular.callbacks._0&id=ap01_2 [36m304 [90m1ms[0m
[90mGET /wlog [36m304 [90m3ms[0m
[90mGET /lib/jquery.blockUI.js [36m304 [90m15ms[0m
[90mGET /lib/jstree/jstree.min.js [36m304 [90m14ms[0m
[90mGET /lib/timepicker/jquery-ui-timepicker-addon.min.js [36m304 [90m14ms[0m
[90mGET /lib/timepicker/jquery-ui-sliderAccess.js [36m304 [90m14ms[0m
[90mGET /lib/angular.min.js [36m304 [90m13ms[0m
[90mGET /wlog.js [32m200 [90m50ms - 5.6kb[0m
[90mGET /lib/timepicker/jquery-ui-timepicker-addon.min.css [36m304 [90m8ms[0m
[90mGET /css/style.css [36m304 [90m9ms[0m
[90mGET /lib/jstree/themes/default/style.min.css [36m304 [90m11ms[0m
[90mGET /lib/angular.min.js [36m304 [90m2ms[0m
[90mGET /lib/jstree/themes/default/throbber.gif [36m304 [90m1ms[0m
[90mGET /lib/jstree/themes/default/32px.png [36m304 [90m0ms[0m
[90mGET /wlog/nodes.json [36m304 [90m1ms[0m
[90mGET /lib/angular.min.js.map [33m404 [90m0ms[0m
[90mGET /images/document.png [36m304 [90m2ms[0m
>> angular.callbacks._0
[90mGET /wlog/nodeInfo.json?callback=angular.callbacks._0&id=ap01_2 [36m304 [90m1ms[0m
[90mGET /wlog [36m304 [90m6ms[0m
[90mGET /lib/jquery.blockUI.js [36m304 [90m4ms[0m
[90mGET /lib/jstree/jstree.min.js [36m304 [90m5ms[0m
[90mGET /lib/timepicker/jquery-ui-timepicker-addon.min.js [36m304 [90m4ms[0m
[90mGET /lib/timepicker/jquery-ui-sliderAccess.js [36m304 [90m3ms[0m
[90mGET /lib/angular.min.js [36m304 [90m12ms[0m
[90mGET /lib/timepicker/jquery-ui-timepicker-addon.min.css [36m304 [90m8ms[0m
[90mGET /lib/jstree/themes/default/style.min.css [36m304 [90m7ms[0m
[90mGET /css/style.css [36m304 [90m7ms[0m
[90mGET /wlog.js [32m200 [90m21ms - 5.66kb[0m
[90mGET /lib/jstree/themes/default/throbber.gif [36m304 [90m2ms[0m
[90mGET /lib/jstree/themes/default/32px.png [36m304 [90m1ms[0m
[90mGET /wlog/nodes.json [36m304 [90m0ms[0m
[90mGET /lib/angular.min.js.map [33m404 [90m7ms[0m
[90mGET /images/document.png [36m304 [90m1ms[0m
>> angular.callbacks._0
[90mGET /wlog/nodeInfo.json?callback=angular.callbacks._0&id=ap01_3 [36m304 [90m1ms[0m
>> angular.callbacks._1
[90mGET /wlog/nodeInfo.json?callback=angular.callbacks._1&id=ap01_2 [32m200 [90m1ms - 165b[0m
>> angular.callbacks._2
[90mGET /wlog/nodeInfo.json?callback=angular.callbacks._2&id=ap01_4 [32m200 [90m2ms - 165b[0m
[90mGET /wlog/nodeInfo.json?callback=angular.callbacks._1&id=ap01_2 [32m200 [90m1ms - 165b[0m
>> angular.callbacks._2
[90mGET /wlog/nodeInfo.json?callback=angular.callbacks._2&id=ap01_4 [32m200 [90m2ms - 165b[0m
[90mGET /wlog/nodeInfo.json?callback=angular.callbacks._1&id=ap01_2 [32m200 [90m1ms - 165b[0m
>> angular.callbacks._2
[90mGET /wlog/nodeInfo.json?callback=angular.callbacks._2&id=ap01_4 [32m200 [90m2ms - 165b[0m
[90mGET /wlog/nodeInfo.json?callback=angular.callbacks._1&id=ap01_2 [32m200 [90m1ms - 165b[0m
>> angular.callbacks._2
[90mGET /wlog/nodeInfo.json?callback=angular.callbacks._2&id=ap01_4 [32m200 [90m2ms - 165b[0m
[90mGET /wlog/nodeInfo.json?callback=angular.callbacks._1&id=ap01_2 [32m200 [90m1ms - 165b[0m
>> angular.callbacks._2
[90mGET /wlog/nodeInfo.json?callback=angular.callbacks._2&id=ap01_4 [32m200 [90m2ms - 165b[0m
[90mGET /wlog/nodeInfo.json?callback=angular.callbacks._1&id=ap01_2 [32m200 [90m1ms - 165b[0m
>> angular.callbacks._2
[90mGET /wlog/nodeInfo.json?callback=angular.callbacks._2&id=ap01_4 [32m200 [90m2ms - 165b[0m
>> angular.callbacks._2
[90mGET /wlog/nodeInfo.json?callback=angular.callbacks._2&id=ap01_4 [32m200 [90m2ms - 165b[0m
>> angular.callbacks._2
[90mGET /wlog/nodeInfo.json?callback=angular.callbacks._2&id=ap01_4 [32m200 [90m2ms - 165b[0m
>> angular.callbacks._2
[90mGET /wlog/nodeInfo.json?callback=angular.callbacks._2&id=ap01_4 [32m200 [90m2ms - 165b[0m
[90mGET /wlog/nodeInfo.json?callback=angular.callbacks._2&id=ap01_4 [32m200 [90m2ms - 165b[0m
>> angular.callbacks._2
[90mGET /wlog/nodeInfo.json?callback=angular.callbacks._2&id=ap01_4 [32m200 [90m2ms - 165b[0m
[90mGET /wlog/nodeInfo.json?callback=angular.callbacks._2&id=ap01_4 [32m200 [90m2ms - 165b[0m
>> angular.callbacks._2
[90mGET /wlog/nodeInfo.json?callback=angular.callbacks._2&id=ap01_4 [32m200 [90m2ms - 165b[0m
[90mGET /wlog/nodeInfo.json?callback=angular.callbacks._2&id=ap01_4 [32m200 [90m2ms - 165b[0m
>> angular.callbacks._2
[90mGET /wlog/nodeInfo.json?callback=angular.callbacks._2&id=ap01_4 [32m200 [90m2ms - 165b[0m
