2014-04-17T08:31:19.264Z - info: read server.conf!
2014-04-17T08:31:19.268Z - info: make nodes
Express server listening on port 3000
[90mGET /wlog [36m304 [90m33ms[0m
[90mGET /lib/jquery.blockUI.js [36m304 [90m8ms[0m
[90mGET /lib/jstree/jstree.min.js [36m304 [90m7ms[0m
[90mGET /lib/timepicker/jquery-ui-timepicker-addon.min.js [36m304 [90m7ms[0m
[90mGET /lib/timepicker/jquery-ui-sliderAccess.js [36m304 [90m6ms[0m
[90mGET /lib/angular.min.js [36m304 [90m6ms[0m
[90mGET /wlog.js [36m304 [90m5ms[0m
[90mGET /lib/timepicker/jquery-ui-timepicker-addon.min.css [36m304 [90m4ms[0m
[90mGET /lib/jstree/themes/default/style.min.css [36m304 [90m3ms[0m
[90mGET /css/style.css [36m304 [90m2ms[0m
[90mGET /nodes.json [36m304 [90m1ms[0m
[90mGET /lib/jstree/themes/default/throbber.gif [36m304 [90m2ms[0m
[90mGET /lib/jstree/themes/default/32px.png [36m304 [90m2ms[0m
[90mGET /lib/angular.min.js.map [33m404 [90m8ms[0m
[90mGET /wlog [36m304 [90m11ms[0m
[90mGET /lib/jquery.blockUI.js [36m304 [90m7ms[0m
[90mGET /lib/jstree/jstree.min.js [36m304 [90m6ms[0m
[90mGET /lib/timepicker/jquery-ui-timepicker-addon.min.js [36m304 [90m6ms[0m
[90mGET /lib/timepicker/jquery-ui-sliderAccess.js [36m304 [90m7ms[0m
[90mGET /lib/angular.min.js [36m304 [90m6ms[0m
[90mGET /lib/timepicker/jquery-ui-timepicker-addon.min.css [36m304 [90m2ms[0m
[90mGET /lib/jstree/themes/default/style.min.css [36m304 [90m4ms[0m
[90mGET /css/style.css [36m304 [90m3ms[0m
[90mGET /wlog.js [32m200 [90m21ms - 5.91kb[0m
[90mGET /lib/jstree/jstree.min.js [36m304 [90m1ms[0m
[90mGET /lib/angular.min.js [36m304 [90m1ms[0m
[90mGET /nodes.json [36m304 [90m0ms[0m
[90mGET /lib/jstree/themes/default/throbber.gif [36m304 [90m3ms[0m
[90mGET /lib/jstree/themes/default/32px.png [36m304 [90m3ms[0m
[90mGET /lib/angular.min.js.map [33m404 [90m1ms[0m
[90mGET /wlog [36m304 [90m2ms[0m
[90mGET /lib/jstree/jstree.min.js [36m304 [90m10ms[0m
[90mGET /lib/jquery.blockUI.js [36m304 [90m14ms[0m
[90mGET /lib/timepicker/jquery-ui-timepicker-addon.min.js [36m304 [90m5ms[0m
[90mGET /lib/timepicker/jquery-ui-sliderAccess.js [36m304 [90m5ms[0m
[90mGET /lib/angular.min.js [36m304 [90m4ms[0m
[90mGET /lib/timepicker/jquery-ui-timepicker-addon.min.css [36m304 [90m6ms[0m
[90mGET /lib/jstree/themes/default/style.min.css [36m304 [90m5ms[0m
[90mGET /css/style.css [36m304 [90m3ms[0m
[90mGET /wlog.js [32m200 [90m11ms - 5.92kb[0m
[90mGET /lib/angular.min.js [36m304 [90m4ms[0m
[90mGET /nodes.json [36m304 [90m0ms[0m
[90mGET /lib/jstree/themes/default/throbber.gif [36m304 [90m2ms[0m
[90mGET /lib/jstree/themes/default/32px.png [36m304 [90m1ms[0m
[90mGET /lib/angular.min.js.map [33m404 [90m1ms[0m
[90mGET /wlog [36m304 [90m5ms[0m
[90mGET /lib/jquery.blockUI.js [36m304 [90m1ms[0m
[90mGET /lib/jstree/jstree.min.js [36m304 [90m10ms[0m
[90mGET /lib/timepicker/jquery-ui-timepicker-addon.min.js [36m304 [90m10ms[0m
[90mGET /lib/timepicker/jquery-ui-sliderAccess.js [36m304 [90m10ms[0m
[90mGET /lib/angular.min.js [36m304 [90m10ms[0m
[90mGET /lib/timepicker/jquery-ui-timepicker-addon.min.css [36m304 [90m11ms[0m
[90mGET /lib/jstree/themes/default/style.min.css [36m304 [90m3ms[0m
[90mGET /css/style.css [36m304 [90m3ms[0m
[90mGET /wlog.js [32m200 [90m16ms - 6.12kb[0m
[90mGET /lib/angular.min.js [36m304 [90m2ms[0m
[90mGET /nodes.json [36m304 [90m1ms[0m
[90mGET /lib/jstree/themes/default/throbber.gif [36m304 [90m2ms[0m
[90mGET /lib/jstree/themes/default/32px.png [36m304 [90m1ms[0m
[90mGET /lib/angular.min.js.map [33m404 [90m1ms[0m
[90mGET /wlog [36m304 [90m4ms[0m
[90mGET /lib/jquery.blockUI.js [36m304 [90m5ms[0m
[90mGET /lib/jstree/jstree.min.js [36m304 [90m11ms[0m
[90mGET /lib/timepicker/jquery-ui-timepicker-addon.min.js [36m304 [90m12ms[0m
[90mGET /lib/timepicker/jquery-ui-sliderAccess.js [36m304 [90m12ms[0m
[90mGET /lib/angular.min.js [36m304 [90m11ms[0m
[90mGET /lib/timepicker/jquery-ui-timepicker-addon.min.css [36m304 [90m6ms[0m
[90mGET /lib/jstree/themes/default/style.min.css [36m304 [90m3ms[0m
[90mGET /css/style.css [36m304 [90m3ms[0m
[90mGET /wlog.js [32m200 [90m17ms - 6.15kb[0m
[90mGET /lib/angular.min.js [36m304 [90m3ms[0m
[90mGET /nodes.json [36m304 [90m1ms[0m
[90mGET /lib/jstree/themes/default/throbber.gif [36m304 [90m1ms[0m
[90mGET /lib/jstree/themes/default/32px.png [36m304 [90m1ms[0m
[90mGET /lib/angular.min.js.map [33m404 [90m1ms[0m
[90mGET /wlog [36m304 [90m2ms[0m
[90mGET /lib/jquery.blockUI.js [36m304 [90m11ms[0m
[90mGET /lib/jstree/jstree.min.js [36m304 [90m10ms[0m
[90mGET /lib/timepicker/jquery-ui-sliderAccess.js [36m304 [90m15ms[0m
[90mGET /lib/angular.min.js [36m304 [90m15ms[0m
[90mGET /lib/timepicker/jquery-ui-timepicker-addon.min.css [36m304 [90m6ms[0m
[90mGET /lib/jstree/themes/default/style.min.css [36m304 [90m4ms[0m
[90mGET /wlog.js [32m200 [90m18ms - 6.1kb[0m
[90mGET /lib/timepicker/jquery-ui-timepicker-addon.min.js [36m304 [90m28ms[0m
[90mGET /css/style.css [36m304 [90m7ms[0m
[90mGET /lib/angular.min.js [36m304 [90m1ms[0m
[90mGET /nodes.json [36m304 [90m1ms[0m
[90mGET /lib/jstree/themes/default/throbber.gif [36m304 [90m1ms[0m
[90mGET /lib/jstree/themes/default/32px.png [36m304 [90m0ms[0m
[90mGET /lib/angular.min.js.map [33m404 [90m1ms[0m
[90mGET /wlog [36m304 [90m2ms[0m
[90mGET /lib/jquery.blockUI.js [36m304 [90m6ms[0m
[90mGET /lib/jstree/jstree.min.js [36m304 [90m9ms[0m
[90mGET /lib/timepicker/jquery-ui-timepicker-addon.min.js [36m304 [90m16ms[0m
[90mGET /lib/timepicker/jquery-ui-sliderAccess.js [36m304 [90m22ms[0m
[90mGET /lib/angular.min.js [36m304 [90m24ms[0m
[90mGET /lib/timepicker/jquery-ui-timepicker-addon.min.css [36m304 [90m25ms[0m
[90mGET /lib/jstree/themes/default/style.min.css [36m304 [90m19ms[0m
[90mGET /css/style.css [36m304 [90m17ms[0m
[90mGET /wlog.js [32m200 [90m38ms - 6.11kb[0m
[90mGET /lib/angular.min.js [36m304 [90m2ms[0m
[90mGET /nodes.json [36m304 [90m1ms[0m
[90mGET /lib/jstree/themes/default/throbber.gif [36m304 [90m2ms[0m
[90mGET /lib/jstree/themes/default/32px.png [36m304 [90m3ms[0m
[90mGET /lib/angular.min.js.map [33m404 [90m1ms[0m
[90mGET /lib/angular.min.js.map [33m404 [90m1ms[0m
[90mGET /lib/jstree/themes/default/32px.png [36m304 [90m3ms[0m
[90mGET /lib/angular.min.js.map [33m404 [90m1ms[0m
[90mGET /lib/angular.min.js.map [33m404 [90m1ms[0m
[90mGET /lib/jstree/themes/default/32px.png [36m304 [90m3ms[0m
[90mGET /lib/angular.min.js.map [33m404 [90m1ms[0m
[90mGET /lib/angular.min.js.map [33m404 [90m1ms[0m
[90mGET /lib/jstree/themes/default/32px.png [36m304 [90m3ms[0m
[90mGET /lib/angular.min.js.map [33m404 [90m1ms[0m
[90mGET /lib/angular.min.js.map [33m404 [90m1ms[0m
[90mGET /wlog/nodeInfo.json?callback=angular.callbacks._2&id=ap01_4 [32m200 [90m2ms - 165b[0m
[90mGET /wlog/nodeInfo.json?callback=angular.callbacks._2&id=ap01_4 [32m200 [90m2ms - 165b[0m
>> angular.callbacks._2
[90mGET /wlog/nodeInfo.json?callback=angular.callbacks._2&id=ap01_4 [32m200 [90m2ms - 165b[0m
[90mGET /lib/angular.min.js.map [33m404 [90m1ms[0m
[90mGET /lib/angular.min.js.map [33m404 [90m1ms[0m
[90mGET /wlog/nodeInfo.json?callback=angular.callbacks._2&id=ap01_4 [32m200 [90m2ms - 165b[0m
[90mGET /wlog/nodeInfo.json?callback=angular.callbacks._2&id=ap01_4 [32m200 [90m2ms - 165b[0m
>> angular.callbacks._2
[90mGET /wlog/nodeInfo.json?callback=angular.callbacks._2&id=ap01_4 [32m200 [90m2ms - 165b[0m
[90mGET /lib/angular.min.js.map [33m404 [90m1ms[0m
[90mGET /wlog/nodeInfo.json?callback=angular.callbacks._2&id=ap01_4 [32m200 [90m2ms - 165b[0m
[90mGET /wlog/nodeInfo.json?callback=angular.callbacks._2&id=ap01_4 [32m200 [90m2ms - 165b[0m
>> angular.callbacks._2
[90mGET /wlog/nodeInfo.json?callback=angular.callbacks._2&id=ap01_4 [32m200 [90m2ms - 165b[0m
[90mGET /lib/angular.min.js.map [33m404 [90m1ms[0m
[90mGET /lib/angular.min.js.map [33m404 [90m1ms[0m
[90mGET /wlog/nodeInfo.json?callback=angular.callbacks._2&id=ap01_4 [32m200 [90m2ms - 165b[0m
[90mGET /wlog/nodeInfo.json?callback=angular.callbacks._2&id=ap01_4 [32m200 [90m2ms - 165b[0m
>> angular.callbacks._2
[90mGET /wlog/nodeInfo.json?callback=angular.callbacks._2&id=ap01_4 [32m200 [90m2ms - 165b[0m
[90mGET /lib/angular.min.js.map [33m404 [90m1ms[0m
[90mGET /lib/angular.min.js.map [33m404 [90m1ms[0m
[90mGET /wlog/nodeInfo.json?callback=angular.callbacks._2&id=ap01_4 [32m200 [90m2ms - 165b[0m
[90mGET /wlog/nodeInfo.json?callback=angular.callbacks._2&id=ap01_4 [32m200 [90m2ms - 165b[0m
>> angular.callbacks._2
[90mGET /wlog/nodeInfo.json?callback=angular.callbacks._2&id=ap01_4 [32m200 [90m2ms - 165b[0m
[90mGET /lib/angular.min.js.map [33m404 [90m1ms[0m
[90mGET /wlog/nodeInfo.json?callback=angular.callbacks._2&id=ap01_4 [32m200 [90m2ms - 165b[0m
[90mGET /wlog/nodeInfo.json?callback=angular.callbacks._2&id=ap01_4 [32m200 [90m2ms - 165b[0m
>> angular.callbacks._2
[90mGET /wlog/nodeInfo.json?callback=angular.callbacks._2&id=ap01_4 [32m200 [90m2ms - 165b[0m
[90mGET /lib/angular.min.js.map [33m404 [90m1ms[0m
[90mGET /lib/angular.min.js.map [33m404 [90m1ms[0m
[90mGET /wlog/nodeInfo.json?callback=angular.callbacks._2&id=ap01_4 [32m200 [90m2ms - 165b[0m
[90mGET /wlog/nodeInfo.json?callback=angular.callbacks._2&id=ap01_4 [32m200 [90m2ms - 165b[0m
>> angular.callbacks._2
[90mGET /wlog/nodeInfo.json?callback=angular.callbacks._2&id=ap01_4 [32m200 [90m2ms - 165b[0m
[90mGET /wlog/nodeInfo.json?callback=angular.callbacks._2&id=ap01_4 [32m200 [90m2ms - 165b[0m
>> angular.callbacks._2
[90mGET /wlog/nodeInfo.json?callback=angular.callbacks._2&id=ap01_4 [32m200 [90m2ms - 165b[0m
>> angular.callbacks._2
[90mGET /wlog/nodeInfo.json?callback=angular.callbacks._2&id=ap01_4 [32m200 [90m2ms - 165b[0m