{"level":"info","message":"read server.conf!","timestamp":"2014/04/25 10:29:12,526"}
{"level":"debug","message":"{\r\n\t\"port\": 3000,\r\n\t\"maxLine\": 1000,\r\n\t\"fileReloadTime\": 3600000,\r\n\t\"files\": [\r\n\t\t{\"id\": \"ap01\", \"name\":\"기간계 AP1\", \"path\":\"logs\", \"filter\":\"console_([0-9]){8}\\\\.log\"}\r\n\t],\r\n\t\"users\": [\r\n\t\t{\"id\":\"test1\", \"name\":\"test1\", \"passwd\":\"1234\"},\r\n\t\t{\"id\":\"test2\", \"name\":\"test2\", \"passwd\":\"1234\"}\r\n\t]\r\n}","timestamp":"2014/04/25 10:29:12,528"}
{"level":"debug","message":"load file - logs","timestamp":"2014/04/25 10:29:12,529"}
{"level":"debug","message":"file date:22, today:25","timestamp":"2014/04/25 10:29:12,530"}
{"level":"debug","message":"file date:25, today:25","timestamp":"2014/04/25 10:29:12,530"}
{"level":"debug","message":"logs/console_20140412.log - add timesize!","timestamp":"2014/04/25 10:29:12,530"}
{"level":"debug","message":"file date:25, today:25","timestamp":"2014/04/25 10:29:12,531"}
{"level":"debug","message":"logs/console_20140413.log - add timesize!","timestamp":"2014/04/25 10:29:12,531"}
{"level":"debug","message":"file date:22, today:25","timestamp":"2014/04/25 10:29:12,532"}
{"level":"debug","message":"file date:24, today:25","timestamp":"2014/04/25 10:29:12,532"}
{"level":"info","message":"files load end.","timestamp":"2014/04/25 10:29:12,532"}
{"level":"info","message":"make nodes","timestamp":"2014/04/25 10:29:12,533"}
{"level":"debug","message":"[{\"id\":\"ap01\",\"parent\":\"#\",\"text\":\"기간계 AP1\"},{\"id\":\"ap01_2\",\"parent\":\"ap01\",\"text\":\"console_20140411.log\",\"icon\":\"images/document.png\"},{\"id\":\"ap01_3\",\"parent\":\"ap01\",\"text\":\"console_20140412.log\",\"icon\":\"images/document.png\"},{\"id\":\"ap01_4\",\"parent\":\"ap01\",\"text\":\"console_20140413.log\",\"icon\":\"images/document.png\"},{\"id\":\"ap01_5\",\"parent\":\"ap01\",\"text\":\"console_20140414.log\",\"icon\":\"images/document.png\"},{\"id\":\"ap01_6\",\"parent\":\"ap01\",\"text\":\"console_20140415.log\",\"icon\":\"images/document.png\"}]","timestamp":"2014/04/25 10:29:12,534"}
{"level":"debug","message":"nodeInfo.json:logs/console_20140415.log - undefined","timestamp":"2014/04/25 10:29:24,224"}
{"level":"debug","message":"nodeInfo.json:logs/console_20140415.log - undefined","timestamp":"2014/04/25 10:33:08,594"}
{"level":"debug","message":"nodeInfo.json:logs/console_20140412.log - [object Object],[object Object],[object Object],[object Object],[object Object],[object Object],[object Object],[object Object],[object Object],[object Object],[object Object],[object Object],[object Object],[object Object],[object Object],[object Object],[object Object],[object Object],[object Object],[object Object],[object Object],[object Object],[object Object],[object Object],[object Object],[object Object],[object Object],[object Object],[object Object],[object Object],[object Object],[object Object],[object Object],[object Object]","timestamp":"2014/04/25 10:34:27,564"}
{"level":"debug","message":"nodeInfo.json:logs/console_20140415.log - undefined","timestamp":"2014/04/25 10:34:32,953"}
{"level":"debug","message":"nodeInfo.json:logs/console_20140412.log - [object Object],[object Object],[object Object],[object Object],[object Object],[object Object],[object Object],[object Object],[object Object],[object Object],[object Object],[object Object],[object Object],[object Object],[object Object],[object Object],[object Object],[object Object],[object Object],[object Object],[object Object],[object Object],[object Object],[object Object],[object Object],[object Object],[object Object],[object Object],[object Object],[object Object],[object Object],[object Object],[object Object],[object Object]","timestamp":"2014/04/25 10:34:53,242"}
{"level":"debug","message":"nodeInfo.json:logs/console_20140412.log - [object Object],[object Object],[object Object],[object Object],[object Object],[object Object],[object Object],[object Object],[object Object],[object Object],[object Object],[object Object],[object Object],[object Object],[object Object],[object Object],[object Object],[object Object],[object Object],[object Object],[object Object],[object Object],[object Object],[object Object],[object Object],[object Object],[object Object],[object Object],[object Object],[object Object],[object Object],[object Object],[object Object],[object Object]","timestamp":"2014/04/25 10:37:40,103"}
{"level":"debug","message":"logs/console_20140412.log - watch time size! ","timestamp":"2014/04/25 10:38:05,446"}
{"level":"debug","message":"nodeInfo.json:logs/console_20140412.log - [object Object],[object Object],[object Object],[object Object],[object Object],[object Object],[object Object],[object Object],[object Object],[object Object],[object Object],[object Object],[object Object],[object Object],[object Object],[object Object],[object Object],[object Object],[object Object],[object Object],[object Object],[object Object],[object Object],[object Object],[object Object],[object Object],[object Object],[object Object],[object Object],[object Object],[object Object],[object Object],[object Object],[object Object],[object Object]","timestamp":"2014/04/25 10:39:18,393"}
{"level":"debug","message":"logs/console_20140412.log - watch time size! ","timestamp":"2014/04/25 10:39:31,668"}
{"level":"debug","message":"nodeInfo.json:logs/console_20140412.log - [object Object],[object Object],[object Object],[object Object],[object Object],[object Object],[object Object],[object Object],[object Object],[object Object],[object Object],[object Object],[object Object],[object Object],[object Object],[object Object],[object Object],[object Object],[object Object],[object Object],[object Object],[object Object],[object Object],[object Object],[object Object],[object Object],[object Object],[object Object],[object Object],[object Object],[object Object],[object Object],[object Object],[object Object],[object Object],[object Object]","timestamp":"2014/04/25 10:44:42,155"}
{"level":"debug","message":"logs/console_20140412.log - watch time size! ","timestamp":"2014/04/25 10:45:49,738"}
{"level":"info","message":"wlog server shutdown!","timestamp":"2014/04/25 10:48:11,435"}
{"level":"info","message":"read server.conf!","timestamp":"2014/04/25 10:48:15,754"}
{"level":"debug","message":"{\r\n\t\"port\": 3000,\r\n\t\"maxLine\": 1000,\r\n\t\"fileReloadTime\": 3600000,\r\n\t\"files\": [\r\n\t\t{\"id\": \"ap01\", \"name\":\"기간계 AP1\", \"path\":\"logs\", \"filter\":\"console_([0-9]){8}\\\\.log\"}\r\n\t],\r\n\t\"users\": [\r\n\t\t{\"id\":\"test1\", \"name\":\"test1\", \"passwd\":\"1234\"},\r\n\t\t{\"id\":\"test2\", \"name\":\"test2\", \"passwd\":\"1234\"}\r\n\t]\r\n}","timestamp":"2014/04/25 10:48:15,757"}
{"level":"debug","message":"load file - logs","timestamp":"2014/04/25 10:48:15,758"}
{"level":"debug","message":"file date:22, today:25","timestamp":"2014/04/25 10:48:15,758"}
{"level":"debug","message":"file date:25, today:25","timestamp":"2014/04/25 10:48:15,759"}
{"level":"debug","message":"logs/console_20140412.log - add timesize!","timestamp":"2014/04/25 10:48:15,759"}
{"level":"debug","message":"file date:25, today:25","timestamp":"2014/04/25 10:48:15,760"}
{"level":"debug","message":"logs/console_20140413.log - add timesize!","timestamp":"2014/04/25 10:48:15,760"}
{"level":"debug","message":"file date:22, today:25","timestamp":"2014/04/25 10:48:15,760"}
{"level":"debug","message":"file date:24, today:25","timestamp":"2014/04/25 10:48:15,760"}
{"level":"info","message":"files load end.","timestamp":"2014/04/25 10:48:15,761"}
{"level":"info","message":"make nodes","timestamp":"2014/04/25 10:48:15,761"}
{"level":"debug","message":"[{\"id\":\"ap01\",\"parent\":\"#\",\"text\":\"기간계 AP1\"},{\"id\":\"ap01_3\",\"parent\":\"ap01\",\"text\":\"console_20140411.log\",\"icon\":\"images/document.png\"},{\"id\":\"ap01_4\",\"parent\":\"ap01\",\"text\":\"console_20140412.log\",\"icon\":\"images/document.png\"},{\"id\":\"ap01_5\",\"parent\":\"ap01\",\"text\":\"console_20140413.log\",\"icon\":\"images/document.png\"},{\"id\":\"ap01_6\",\"parent\":\"ap01\",\"text\":\"console_20140414.log\",\"icon\":\"images/document.png\"},{\"id\":\"ap01_7\",\"parent\":\"ap01\",\"text\":\"console_20140415.log\",\"icon\":\"images/document.png\"}]","timestamp":"2014/04/25 10:48:15,763"}
{"level":"debug","message":"nodeInfo.json:logs/console_20140412.log - [object Object],[object Object],[object Object],[object Object],[object Object],[object Object],[object Object],[object Object],[object Object],[object Object],[object Object],[object Object],[object Object],[object Object],[object Object],[object Object],[object Object],[object Object],[object Object],[object Object],[object Object],[object Object],[object Object],[object Object],[object Object],[object Object],[object Object],[object Object],[object Object],[object Object],[object Object],[object Object],[object Object],[object Object],[object Object],[object Object],[object Object],[object Object]","timestamp":"2014/04/25 10:48:28,967"}
{"level":"debug","message":"logs/console_20140412.log - watch time size! ","timestamp":"2014/04/25 10:48:42,289"}
{"level":"info","message":"read server.conf!","timestamp":"2014/04/25 10:50:13,986"}
{"level":"debug","message":"{\r\n\t\"port\": 3000,\r\n\t\"maxLine\": 1000,\r\n\t\"fileReloadTime\": 3600000,\r\n\t\"files\": [\r\n\t\t{\"id\": \"ap01\", \"name\":\"기간계 AP1\", \"path\":\"logs\", \"filter\":\"console_([0-9]){8}\\\\.log\"}\r\n\t],\r\n\t\"users\": [\r\n\t\t{\"id\":\"test1\", \"name\":\"test1\", \"passwd\":\"1234\"},\r\n\t\t{\"id\":\"test2\", \"name\":\"test2\", \"passwd\":\"1234\"}\r\n\t]\r\n}","timestamp":"2014/04/25 10:50:13,989"}
{"level":"debug","message":"load file - logs","timestamp":"2014/04/25 10:50:13,990"}
{"level":"debug","message":"file date:22, today:25","timestamp":"2014/04/25 10:50:13,991"}
{"level":"debug","message":"file date:25, today:25","timestamp":"2014/04/25 10:50:13,992"}
{"level":"debug","message":"logs/console_20140412.log - add timesize!","timestamp":"2014/04/25 10:50:13,992"}
{"level":"debug","message":"file date:25, today:25","timestamp":"2014/04/25 10:50:13,992"}
{"level":"debug","message":"logs/console_20140413.log - add timesize!","timestamp":"2014/04/25 10:50:13,993"}
{"level":"debug","message":"file date:22, today:25","timestamp":"2014/04/25 10:50:13,993"}
{"level":"debug","message":"file date:24, today:25","timestamp":"2014/04/25 10:50:13,993"}
{"level":"info","message":"files load end.","timestamp":"2014/04/25 10:50:13,994"}
{"level":"info","message":"make nodes","timestamp":"2014/04/25 10:50:13,994"}
{"level":"debug","message":"[{\"id\":\"ap01\",\"parent\":\"#\",\"text\":\"기간계 AP1\"},{\"id\":\"ap01_3\",\"parent\":\"ap01\",\"text\":\"console_20140411.log\",\"icon\":\"images/document.png\"},{\"id\":\"ap01_4\",\"parent\":\"ap01\",\"text\":\"console_20140412.log\",\"icon\":\"images/document.png\"},{\"id\":\"ap01_5\",\"parent\":\"ap01\",\"text\":\"console_20140413.log\",\"icon\":\"images/document.png\"},{\"id\":\"ap01_6\",\"parent\":\"ap01\",\"text\":\"console_20140414.log\",\"icon\":\"images/document.png\"},{\"id\":\"ap01_7\",\"parent\":\"ap01\",\"text\":\"console_20140415.log\",\"icon\":\"images/document.png\"}]","timestamp":"2014/04/25 10:50:13,996"}
{"level":"debug","message":"nodeInfo.json:logs/console_20140412.log - [object Object],[object Object],[object Object],[object Object],[object Object],[object Object],[object Object],[object Object],[object Object],[object Object],[object Object],[object Object],[object Object],[object Object],[object Object],[object Object],[object Object],[object Object],[object Object],[object Object],[object Object],[object Object],[object Object],[object Object],[object Object],[object Object],[object Object],[object Object],[object Object],[object Object],[object Object],[object Object],[object Object],[object Object],[object Object],[object Object],[object Object],[object Object],[object Object],[object Object]","timestamp":"2014/04/25 10:50:24,292"}
{"level":"debug","message":"logs/console_20140412.log - watch time size! ","timestamp":"2014/04/25 10:50:37,168"}
{"level":"info","message":"wlog server shutdown!","timestamp":"2014/04/25 10:55:21,25"}
{"level":"info","message":"read server.conf!","timestamp":"2014/04/25 10:55:24,739"}
{"level":"debug","message":"{\r\n\t\"port\": 3000,\r\n\t\"maxLine\": 1000,\r\n\t\"fileReloadTime\": 3600000,\r\n\t\"files\": [\r\n\t\t{\"id\": \"ap01\", \"name\":\"기간계 AP1\", \"path\":\"logs\", \"filter\":\"console_([0-9]){8}\\\\.log\"}\r\n\t],\r\n\t\"users\": [\r\n\t\t{\"id\":\"test1\", \"name\":\"test1\", \"passwd\":\"1234\"},\r\n\t\t{\"id\":\"test2\", \"name\":\"test2\", \"passwd\":\"1234\"}\r\n\t]\r\n}","timestamp":"2014/04/25 10:55:24,742"}
{"level":"debug","message":"load file - logs","timestamp":"2014/04/25 10:55:24,743"}
{"level":"debug","message":"file date:22, today:25","timestamp":"2014/04/25 10:55:24,744"}
{"level":"debug","message":"file date:25, today:25","timestamp":"2014/04/25 10:55:24,744"}
{"level":"debug","message":"logs/console_20140412.log - add timesize!","timestamp":"2014/04/25 10:55:24,745"}
{"level":"debug","message":"file date:25, today:25","timestamp":"2014/04/25 10:55:24,746"}
{"level":"debug","message":"logs/console_20140413.log - add timesize!","timestamp":"2014/04/25 10:55:24,746"}
{"level":"debug","message":"file date:22, today:25","timestamp":"2014/04/25 10:55:24,747"}
{"level":"debug","message":"file date:24, today:25","timestamp":"2014/04/25 10:55:24,747"}
{"level":"info","message":"files load end.","timestamp":"2014/04/25 10:55:24,747"}
{"level":"info","message":"make nodes","timestamp":"2014/04/25 10:55:24,748"}
{"level":"debug","message":"[{\"id\":\"ap01\",\"parent\":\"#\",\"text\":\"기간계 AP1\"},{\"id\":\"ap01_3\",\"parent\":\"ap01\",\"text\":\"console_20140411.log\",\"icon\":\"images/document.png\"},{\"id\":\"ap01_4\",\"parent\":\"ap01\",\"text\":\"console_20140412.log\",\"icon\":\"images/document.png\"},{\"id\":\"ap01_5\",\"parent\":\"ap01\",\"text\":\"console_20140413.log\",\"icon\":\"images/document.png\"},{\"id\":\"ap01_6\",\"parent\":\"ap01\",\"text\":\"console_20140414.log\",\"icon\":\"images/document.png\"},{\"id\":\"ap01_7\",\"parent\":\"ap01\",\"text\":\"console_20140415.log\",\"icon\":\"images/document.png\"}]","timestamp":"2014/04/25 10:55:24,750"}
{"level":"debug","message":"nodeInfo.json:logs/console_20140412.log - [object Object],[object Object],[object Object],[object Object],[object Object],[object Object],[object Object],[object Object],[object Object],[object Object],[object Object],[object Object],[object Object],[object Object],[object Object],[object Object],[object Object],[object Object],[object Object],[object Object],[object Object],[object Object],[object Object],[object Object],[object Object],[object Object],[object Object],[object Object],[object Object],[object Object],[object Object],[object Object],[object Object],[object Object],[object Object],[object Object],[object Object],[object Object],[object Object],[object Object],[object Object],[object Object]","timestamp":"2014/04/25 10:55:33,359"}
{"level":"debug","message":"logs/console_20140412.log - watch time size! ","timestamp":"2014/04/25 10:55:47,96"}
{"level":"debug","message":"logs/console_20140412.log - watch time size! ","timestamp":"2014/04/25 10:55:54,193"}
{"level":"debug","message":"logs/console_20140412.log - watch time size! ","timestamp":"2014/04/25 10:56:03,320"}
{"level":"debug","message":"nodeInfo.json:logs/console_20140415.log - undefined","timestamp":"2014/04/25 10:56:18,956"}
{"level":"debug","message":"nodeInfo.json:logs/console_20140412.log - [object Object],[object Object],[object Object],[object Object],[object Object],[object Object],[object Object],[object Object],[object Object],[object Object],[object Object],[object Object],[object Object],[object Object],[object Object],[object Object],[object Object],[object Object],[object Object],[object Object],[object Object],[object Object],[object Object],[object Object],[object Object],[object Object],[object Object],[object Object],[object Object],[object Object],[object Object],[object Object],[object Object],[object Object],[object Object],[object Object],[object Object],[object Object],[object Object],[object Object],[object Object],[object Object],[object Object],[object Object],[object Object]","timestamp":"2014/04/25 11:09:05,581"}
{"level":"debug","message":"nodeInfo.json:logs/console_20140413.log - [object Object],[object Object],[object Object],[object Object],[object Object],[object Object],[object Object],[object Object],[object Object],[object Object],[object Object],[object Object],[object Object]","timestamp":"2014/04/25 11:09:10,607"}
{"level":"debug","message":"nodeInfo.json:logs/console_20140412.log - [object Object],[object Object],[object Object],[object Object],[object Object],[object Object],[object Object],[object Object],[object Object],[object Object],[object Object],[object Object],[object Object],[object Object],[object Object],[object Object],[object Object],[object Object],[object Object],[object Object],[object Object],[object Object],[object Object],[object Object],[object Object],[object Object],[object Object],[object Object],[object Object],[object Object],[object Object],[object Object],[object Object],[object Object],[object Object],[object Object],[object Object],[object Object],[object Object],[object Object],[object Object],[object Object],[object Object],[object Object],[object Object]","timestamp":"2014/04/25 11:11:28,521"}
{"level":"debug","message":"nodeInfo.json:logs/console_20140413.log - [object Object],[object Object],[object Object],[object Object],[object Object],[object Object],[object Object],[object Object],[object Object],[object Object],[object Object],[object Object],[object Object]","timestamp":"2014/04/25 11:11:31,633"}
{"level":"debug","message":"nodeInfo.json:logs/console_20140412.log - [object Object],[object Object],[object Object],[object Object],[object Object],[object Object],[object Object],[object Object],[object Object],[object Object],[object Object],[object Object],[object Object],[object Object],[object Object],[object Object],[object Object],[object Object],[object Object],[object Object],[object Object],[object Object],[object Object],[object Object],[object Object],[object Object],[object Object],[object Object],[object Object],[object Object],[object Object],[object Object],[object Object],[object Object],[object Object],[object Object],[object Object],[object Object],[object Object],[object Object],[object Object],[object Object],[object Object],[object Object],[object Object]","timestamp":"2014/04/25 11:11:34,432"}
{"level":"debug","message":"nodeInfo.json:logs/console_20140413.log - [object Object],[object Object],[object Object],[object Object],[object Object],[object Object],[object Object],[object Object],[object Object],[object Object],[object Object],[object Object],[object Object]","timestamp":"2014/04/25 11:11:36,372"}
{"level":"debug","message":"nodeInfo.json:logs/console_20140412.log - [object Object],[object Object],[object Object],[object Object],[object Object],[object Object],[object Object],[object Object],[object Object],[object Object],[object Object],[object Object],[object Object],[object Object],[object Object],[object Object],[object Object],[object Object],[object Object],[object Object],[object Object],[object Object],[object Object],[object Object],[object Object],[object Object],[object Object],[object Object],[object Object],[object Object],[object Object],[object Object],[object Object],[object Object],[object Object],[object Object],[object Object],[object Object],[object Object],[object Object],[object Object],[object Object],[object Object],[object Object],[object Object]","timestamp":"2014/04/25 11:11:44,321"}
{"level":"debug","message":"nodeInfo.json:logs/console_20140412.log - [object Object],[object Object],[object Object],[object Object],[object Object],[object Object],[object Object],[object Object],[object Object],[object Object],[object Object],[object Object],[object Object],[object Object],[object Object],[object Object],[object Object],[object Object],[object Object],[object Object],[object Object],[object Object],[object Object],[object Object],[object Object],[object Object],[object Object],[object Object],[object Object],[object Object],[object Object],[object Object],[object Object],[object Object],[object Object],[object Object],[object Object],[object Object],[object Object],[object Object],[object Object],[object Object],[object Object],[object Object],[object Object]","timestamp":"2014/04/25 11:13:06,943"}
{"level":"debug","message":"nodeInfo.json:logs/console_20140413.log - [object Object],[object Object],[object Object],[object Object],[object Object],[object Object],[object Object],[object Object],[object Object],[object Object],[object Object],[object Object],[object Object]","timestamp":"2014/04/25 11:13:09,892"}
{"level":"debug","message":"nodeInfo.json:logs/console_20140412.log - [object Object],[object Object],[object Object],[object Object],[object Object],[object Object],[object Object],[object Object],[object Object],[object Object],[object Object],[object Object],[object Object],[object Object],[object Object],[object Object],[object Object],[object Object],[object Object],[object Object],[object Object],[object Object],[object Object],[object Object],[object Object],[object Object],[object Object],[object Object],[object Object],[object Object],[object Object],[object Object],[object Object],[object Object],[object Object],[object Object],[object Object],[object Object],[object Object],[object Object],[object Object],[object Object],[object Object],[object Object],[object Object]","timestamp":"2014/04/25 11:13:50,265"}
{"level":"debug","message":"nodeInfo.json:logs/console_20140413.log - [object Object],[object Object],[object Object],[object Object],[object Object],[object Object],[object Object],[object Object],[object Object],[object Object],[object Object],[object Object],[object Object]","timestamp":"2014/04/25 11:13:53,277"}
{"level":"debug","message":"nodeInfo.json:logs/console_20140412.log - [object Object],[object Object],[object Object],[object Object],[object Object],[object Object],[object Object],[object Object],[object Object],[object Object],[object Object],[object Object],[object Object],[object Object],[object Object],[object Object],[object Object],[object Object],[object Object],[object Object],[object Object],[object Object],[object Object],[object Object],[object Object],[object Object],[object Object],[object Object],[object Object],[object Object],[object Object],[object Object],[object Object],[object Object],[object Object],[object Object],[object Object],[object Object],[object Object],[object Object],[object Object],[object Object],[object Object],[object Object],[object Object]","timestamp":"2014/04/25 11:17:15,497"}
{"level":"debug","message":"nodeInfo.json:logs/console_20140413.log - [object Object],[object Object],[object Object],[object Object],[object Object],[object Object],[object Object],[object Object],[object Object],[object Object],[object Object],[object Object],[object Object]","timestamp":"2014/04/25 11:17:17,194"}
{"level":"info","message":"wlog server shutdown!","timestamp":"2014/04/25 11:28:53,810"}
{"level":"info","message":"read server.conf!","timestamp":"2014/04/25 11:28:58,210"}
{"level":"debug","message":"{\r\n\t\"port\": 3000,\r\n\t\"maxLine\": 1000,\r\n\t\"fileReloadTime\": 3600000,\r\n\t\"files\": [\r\n\t\t{\"id\": \"ap01\", \"name\":\"기간계 AP1\", \"path\":\"logs\", \"filter\":\"console_([0-9]){8}\\\\.log\"}\r\n\t],\r\n\t\"users\": [\r\n\t\t{\"id\":\"test1\", \"name\":\"test1\", \"passwd\":\"1234\"},\r\n\t\t{\"id\":\"test2\", \"name\":\"test2\", \"passwd\":\"1234\"}\r\n\t]\r\n}","timestamp":"2014/04/25 11:28:58,213"}
{"level":"debug","message":"load file - logs","timestamp":"2014/04/25 11:28:58,214"}
{"level":"debug","message":"file date:22, today:25","timestamp":"2014/04/25 11:28:58,215"}
{"level":"debug","message":"file date:25, today:25","timestamp":"2014/04/25 11:28:58,215"}
{"level":"debug","message":"logs/console_20140412.log - add timesize!","timestamp":"2014/04/25 11:28:58,216"}
{"level":"debug","message":"file date:25, today:25","timestamp":"2014/04/25 11:28:58,216"}
{"level":"debug","message":"logs/console_20140413.log - add timesize!","timestamp":"2014/04/25 11:28:58,217"}
{"level":"debug","message":"file date:22, today:25","timestamp":"2014/04/25 11:28:58,217"}
{"level":"debug","message":"file date:25, today:25","timestamp":"2014/04/25 11:28:58,218"}
{"level":"debug","message":"logs/console_20140415.log - first timesize! ","timestamp":"2014/04/25 11:28:58,218"}
{"level":"info","message":"files load end.","timestamp":"2014/04/25 11:28:58,219"}
{"level":"info","message":"make nodes","timestamp":"2014/04/25 11:28:58,219"}
{"level":"debug","message":"[{\"id\":\"ap01\",\"parent\":\"#\",\"text\":\"기간계 AP1\"},{\"id\":\"ap01_3\",\"parent\":\"ap01\",\"text\":\"console_20140411.log\",\"icon\":\"images/document.png\"},{\"id\":\"ap01_4\",\"parent\":\"ap01\",\"text\":\"console_20140412.log\",\"icon\":\"images/document.png\"},{\"id\":\"ap01_5\",\"parent\":\"ap01\",\"text\":\"console_20140413.log\",\"icon\":\"images/document.png\"},{\"id\":\"ap01_6\",\"parent\":\"ap01\",\"text\":\"console_20140414.log\",\"icon\":\"images/document.png\"},{\"id\":\"ap01_7\",\"parent\":\"ap01\",\"text\":\"console_20140415.log\",\"icon\":\"images/document.png\"}]","timestamp":"2014/04/25 11:28:58,221"}
{"level":"debug","message":"nodeInfo.json:logs/console_20140412.log - [object Object],[object Object],[object Object],[object Object],[object Object],[object Object],[object Object],[object Object],[object Object],[object Object],[object Object],[object Object],[object Object],[object Object],[object Object],[object Object],[object Object],[object Object],[object Object],[object Object],[object Object],[object Object],[object Object],[object Object],[object Object],[object Object],[object Object],[object Object],[object Object],[object Object],[object Object],[object Object],[object Object],[object Object],[object Object],[object Object],[object Object],[object Object],[object Object],[object Object],[object Object],[object Object],[object Object],[object Object],[object Object],[object Object]","timestamp":"2014/04/25 11:29:09,886"}
{"level":"debug","message":"nodeInfo.json:logs/console_20140413.log - [object Object],[object Object],[object Object],[object Object],[object Object],[object Object],[object Object],[object Object],[object Object],[object Object],[object Object],[object Object],[object Object],[object Object]","timestamp":"2014/04/25 11:29:17,419"}
{"level":"debug","message":"nodeInfo.json:logs/console_20140412.log - [object Object],[object Object],[object Object],[object Object],[object Object],[object Object],[object Object],[object Object],[object Object],[object Object],[object Object],[object Object],[object Object],[object Object],[object Object],[object Object],[object Object],[object Object],[object Object],[object Object],[object Object],[object Object],[object Object],[object Object],[object Object],[object Object],[object Object],[object Object],[object Object],[object Object],[object Object],[object Object],[object Object],[object Object],[object Object],[object Object],[object Object],[object Object],[object Object],[object Object],[object Object],[object Object],[object Object],[object Object],[object Object],[object Object]","timestamp":"2014/04/25 11:29:26,391"}
{"level":"debug","message":"logs/console_20140412.log - watch time size! ","timestamp":"2014/04/25 11:29:39,570"}
{"level":"debug","message":"nodeInfo.json:logs/console_20140412.log - [object Object],[object Object],[object Object],[object Object],[object Object],[object Object],[object Object],[object Object],[object Object],[object Object],[object Object],[object Object],[object Object],[object Object],[object Object],[object Object],[object Object],[object Object],[object Object],[object Object],[object Object],[object Object],[object Object],[object Object],[object Object],[object Object],[object Object],[object Object],[object Object],[object Object],[object Object],[object Object],[object Object],[object Object],[object Object],[object Object],[object Object],[object Object],[object Object],[object Object],[object Object],[object Object],[object Object],[object Object],[object Object],[object Object],[object Object]","timestamp":"2014/04/25 11:45:26,577"}
{"level":"debug","message":"nodeInfo.json:logs/console_20140412.log - [object Object],[object Object],[object Object],[object Object],[object Object],[object Object],[object Object],[object Object],[object Object],[object Object],[object Object],[object Object],[object Object],[object Object],[object Object],[object Object],[object Object],[object Object],[object Object],[object Object],[object Object],[object Object],[object Object],[object Object],[object Object],[object Object],[object Object],[object Object],[object Object],[object Object],[object Object],[object Object],[object Object],[object Object],[object Object],[object Object],[object Object],[object Object],[object Object],[object Object],[object Object],[object Object],[object Object],[object Object],[object Object],[object Object],[object Object]","timestamp":"2014/04/25 11:48:02,144"}
{"level":"debug","message":"nodeInfo.json:logs/console_20140412.log - [object Object],[object Object],[object Object],[object Object],[object Object],[object Object],[object Object],[object Object],[object Object],[object Object],[object Object],[object Object],[object Object],[object Object],[object Object],[object Object],[object Object],[object Object],[object Object],[object Object],[object Object],[object Object],[object Object],[object Object],[object Object],[object Object],[object Object],[object Object],[object Object],[object Object],[object Object],[object Object],[object Object],[object Object],[object Object],[object Object],[object Object],[object Object],[object Object],[object Object],[object Object],[object Object],[object Object],[object Object],[object Object],[object Object],[object Object]","timestamp":"2014/04/25 11:50:06,15"}
{"level":"debug","message":"nodeInfo.json:logs/console_20140412.log - [object Object],[object Object],[object Object],[object Object],[object Object],[object Object],[object Object],[object Object],[object Object],[object Object],[object Object],[object Object],[object Object],[object Object],[object Object],[object Object],[object Object],[object Object],[object Object],[object Object],[object Object],[object Object],[object Object],[object Object],[object Object],[object Object],[object Object],[object Object],[object Object],[object Object],[object Object],[object Object],[object Object],[object Object],[object Object],[object Object],[object Object],[object Object],[object Object],[object Object],[object Object],[object Object],[object Object],[object Object],[object Object],[object Object],[object Object]","timestamp":"2014/04/25 11:50:36,912"}
{"level":"debug","message":"nodeInfo.json:logs/console_20140412.log - [object Object],[object Object],[object Object],[object Object],[object Object],[object Object],[object Object],[object Object],[object Object],[object Object],[object Object],[object Object],[object Object],[object Object],[object Object],[object Object],[object Object],[object Object],[object Object],[object Object],[object Object],[object Object],[object Object],[object Object],[object Object],[object Object],[object Object],[object Object],[object Object],[object Object],[object Object],[object Object],[object Object],[object Object],[object Object],[object Object],[object Object],[object Object],[object Object],[object Object],[object Object],[object Object],[object Object],[object Object],[object Object],[object Object],[object Object]","timestamp":"2014/04/25 11:51:18,246"}
{"level":"debug","message":"nodeInfo.json:logs/console_20140412.log - [object Object],[object Object],[object Object],[object Object],[object Object],[object Object],[object Object],[object Object],[object Object],[object Object],[object Object],[object Object],[object Object],[object Object],[object Object],[object Object],[object Object],[object Object],[object Object],[object Object],[object Object],[object Object],[object Object],[object Object],[object Object],[object Object],[object Object],[object Object],[object Object],[object Object],[object Object],[object Object],[object Object],[object Object],[object Object],[object Object],[object Object],[object Object],[object Object],[object Object],[object Object],[object Object],[object Object],[object Object],[object Object],[object Object],[object Object]","timestamp":"2014/04/25 11:52:06,237"}
{"level":"debug","message":"nodeInfo.json:logs/console_20140412.log - [object Object],[object Object],[object Object],[object Object],[object Object],[object Object],[object Object],[object Object],[object Object],[object Object],[object Object],[object Object],[object Object],[object Object],[object Object],[object Object],[object Object],[object Object],[object Object],[object Object],[object Object],[object Object],[object Object],[object Object],[object Object],[object Object],[object Object],[object Object],[object Object],[object Object],[object Object],[object Object],[object Object],[object Object],[object Object],[object Object],[object Object],[object Object],[object Object],[object Object],[object Object],[object Object],[object Object],[object Object],[object Object],[object Object],[object Object]","timestamp":"2014/04/25 11:52:33,38"}
{"level":"debug","message":"nodeInfo.json:logs/console_20140412.log - [object Object],[object Object],[object Object],[object Object],[object Object],[object Object],[object Object],[object Object],[object Object],[object Object],[object Object],[object Object],[object Object],[object Object],[object Object],[object Object],[object Object],[object Object],[object Object],[object Object],[object Object],[object Object],[object Object],[object Object],[object Object],[object Object],[object Object],[object Object],[object Object],[object Object],[object Object],[object Object],[object Object],[object Object],[object Object],[object Object],[object Object],[object Object],[object Object],[object Object],[object Object],[object Object],[object Object],[object Object],[object Object],[object Object],[object Object]","timestamp":"2014/04/25 11:53:24,809"}
{"level":"debug","message":"nodeInfo.json:logs/console_20140412.log - [object Object],[object Object],[object Object],[object Object],[object Object],[object Object],[object Object],[object Object],[object Object],[object Object],[object Object],[object Object],[object Object],[object Object],[object Object],[object Object],[object Object],[object Object],[object Object],[object Object],[object Object],[object Object],[object Object],[object Object],[object Object],[object Object],[object Object],[object Object],[object Object],[object Object],[object Object],[object Object],[object Object],[object Object],[object Object],[object Object],[object Object],[object Object],[object Object],[object Object],[object Object],[object Object],[object Object],[object Object],[object Object],[object Object],[object Object]","timestamp":"2014/04/25 11:54:06,595"}
{"level":"debug","message":"logs/console_20140412.log - watch time size! ","timestamp":"2014/04/25 11:54:30,472"}
{"level":"debug","message":"logs/console_20140412.log - watch time size! ","timestamp":"2014/04/25 11:54:45,681"}
{"level":"debug","message":"logs/console_20140412.log - watch time size! ","timestamp":"2014/04/25 11:54:56,836"}
{"level":"debug","message":"logs/console_20140412.log - watch time size! ","timestamp":"2014/04/25 11:55:02,919"}
{"level":"debug","message":"logs/console_20140412.log - watch time size! ","timestamp":"2014/04/25 11:55:14,73"}
{"level":"debug","message":"load file - logs","timestamp":"2014/04/25 12:28:58,234"}
{"level":"debug","message":"file date:22, today:25","timestamp":"2014/04/25 12:28:58,236"}
{"level":"debug","message":"file date:25, today:25","timestamp":"2014/04/25 12:28:58,237"}
{"level":"debug","message":"logs/console_20140412.log - add timesize!","timestamp":"2014/04/25 12:28:58,237"}
{"level":"debug","message":"file date:25, today:25","timestamp":"2014/04/25 12:28:58,239"}
{"level":"debug","message":"logs/console_20140413.log - add timesize!","timestamp":"2014/04/25 12:28:58,239"}
{"level":"debug","message":"file date:22, today:25","timestamp":"2014/04/25 12:28:58,240"}
{"level":"debug","message":"file date:25, today:25","timestamp":"2014/04/25 12:28:58,241"}
{"level":"debug","message":"logs/console_20140415.log - add timesize!","timestamp":"2014/04/25 12:28:58,241"}
{"level":"info","message":"files load end.","timestamp":"2014/04/25 12:28:58,242"}
{"level":"debug","message":"nodeInfo.json:logs/console_20140415.log - [object Object],[object Object]","timestamp":"2014/04/25 13:27:44,706"}
{"level":"debug","message":"load file - logs","timestamp":"2014/04/25 13:28:58,254"}
{"level":"debug","message":"file date:22, today:25","timestamp":"2014/04/25 13:28:58,256"}
{"level":"debug","message":"file date:25, today:25","timestamp":"2014/04/25 13:28:58,256"}
{"level":"debug","message":"logs/console_20140412.log - add timesize!","timestamp":"2014/04/25 13:28:58,257"}
{"level":"debug","message":"file date:25, today:25","timestamp":"2014/04/25 13:28:58,257"}
{"level":"debug","message":"logs/console_20140413.log - add timesize!","timestamp":"2014/04/25 13:28:58,257"}
{"level":"debug","message":"file date:22, today:25","timestamp":"2014/04/25 13:28:58,258"}
{"level":"debug","message":"file date:25, today:25","timestamp":"2014/04/25 13:28:58,258"}
{"level":"debug","message":"logs/console_20140415.log - add timesize!","timestamp":"2014/04/25 13:28:58,259"}
{"level":"info","message":"files load end.","timestamp":"2014/04/25 13:28:58,259"}
{"level":"debug","message":"nodeInfo.json:logs/console_20140415.log - [object Object],[object Object],[object Object]","timestamp":"2014/04/25 13:29:12,327"}
{"level":"info","message":"wlog server shutdown!","timestamp":"2014/04/25 13:36:31,737"}
{"level":"info","message":"read server.conf!","timestamp":"2014/04/25 13:36:49,619"}
{"level":"debug","message":"{\r\n\t\"port\": 3000,\r\n\t\"maxLine\": 1000,\r\n\t\"fileReloadTime\": 3600000,\r\n\t\"files\": [\r\n\t\t{\"id\": \"ap01\", \"name\":\"기간계 AP1\", \"path\":\"logs\", \"filter\":\"console_([0-9]){8}\\\\.log\"}\r\n\t],\r\n\t\"users\": [\r\n\t\t{\"id\":\"test1\", \"name\":\"test1\", \"passwd\":\"1234\"},\r\n\t\t{\"id\":\"test2\", \"name\":\"test2\", \"passwd\":\"1234\"}\r\n\t]\r\n}","timestamp":"2014/04/25 13:36:49,621"}
{"level":"debug","message":"load file - logs","timestamp":"2014/04/25 13:36:49,622"}
{"level":"debug","message":"file date:22, today:25","timestamp":"2014/04/25 13:36:49,623"}
{"level":"debug","message":"file date:25, today:25","timestamp":"2014/04/25 13:36:49,624"}
{"level":"debug","message":"logs/console_20140412.log - add timesize!","timestamp":"2014/04/25 13:36:49,624"}
{"level":"debug","message":"file date:25, today:25","timestamp":"2014/04/25 13:36:49,624"}
{"level":"debug","message":"logs/console_20140413.log - add timesize!","timestamp":"2014/04/25 13:36:49,625"}
{"level":"debug","message":"file date:22, today:25","timestamp":"2014/04/25 13:36:49,625"}
{"level":"debug","message":"file date:25, today:25","timestamp":"2014/04/25 13:36:49,626"}
{"level":"debug","message":"logs/console_20140415.log - add timesize!","timestamp":"2014/04/25 13:36:49,626"}
{"level":"info","message":"files load end.","timestamp":"2014/04/25 13:36:49,626"}
{"level":"info","message":"make nodes","timestamp":"2014/04/25 13:36:49,627"}
{"level":"debug","message":"[{\"id\":\"ap01\",\"parent\":\"#\",\"text\":\"기간계 AP1\"},{\"id\":\"ap01_3\",\"parent\":\"ap01\",\"text\":\"console_20140411.log\",\"icon\":\"images/document.png\"},{\"id\":\"ap01_4\",\"parent\":\"ap01\",\"text\":\"console_20140412.log\",\"icon\":\"images/document.png\"},{\"id\":\"ap01_5\",\"parent\":\"ap01\",\"text\":\"console_20140413.log\",\"icon\":\"images/document.png\"},{\"id\":\"ap01_6\",\"parent\":\"ap01\",\"text\":\"console_20140414.log\",\"icon\":\"images/document.png\"},{\"id\":\"ap01_7\",\"parent\":\"ap01\",\"text\":\"console_20140415.log\",\"icon\":\"images/document.png\"}]","timestamp":"2014/04/25 13:36:49,628"}
{"level":"debug","message":"nodeInfo.json:logs/console_20140412.log - [object Object],[object Object],[object Object],[object Object],[object Object],[object Object],[object Object],[object Object],[object Object],[object Object],[object Object],[object Object],[object Object],[object Object],[object Object],[object Object],[object Object],[object Object],[object Object],[object Object],[object Object],[object Object],[object Object],[object Object],[object Object],[object Object],[object Object],[object Object],[object Object],[object Object],[object Object],[object Object],[object Object],[object Object],[object Object],[object Object],[object Object],[object Object],[object Object],[object Object],[object Object],[object Object],[object Object],[object Object],[object Object],[object Object],[object Object],[object Object],[object Object],[object Object],[object Object],[object Object],[object Object],[object Object],[object Object]","timestamp":"2014/04/25 13:36:55,642"}
{"level":"debug","message":"nodeInfo.json:logs/console_20140415.log - [object Object],[object Object],[object Object],[object Object]","timestamp":"2014/04/25 13:37:09,639"}
{"level":"debug","message":"nodeInfo.json:logs/console_20140412.log - [object Object],[object Object],[object Object],[object Object],[object Object],[object Object],[object Object],[object Object],[object Object],[object Object],[object Object],[object Object],[object Object],[object Object],[object Object],[object Object],[object Object],[object Object],[object Object],[object Object],[object Object],[object Object],[object Object],[object Object],[object Object],[object Object],[object Object],[object Object],[object Object],[object Object],[object Object],[object Object],[object Object],[object Object],[object Object],[object Object],[object Object],[object Object],[object Object],[object Object],[object Object],[object Object],[object Object],[object Object],[object Object],[object Object],[object Object],[object Object],[object Object],[object Object],[object Object],[object Object],[object Object],[object Object],[object Object]","timestamp":"2014/04/25 13:38:12,96"}
{"level":"debug","message":"logs/console_20140412.log - watch time size! ","timestamp":"2014/04/25 13:38:28,46"}
{"level":"debug","message":"logs/console_20140412.log - watch time size! ","timestamp":"2014/04/25 13:39:04,552"}
{"level":"debug","message":"logs/console_20140412.log - watch time size! ","timestamp":"2014/04/25 13:39:19,763"}
{"level":"debug","message":"nodeInfo.json:logs/console_20140412.log - [object Object],[object Object],[object Object],[object Object],[object Object],[object Object],[object Object],[object Object],[object Object],[object Object],[object Object],[object Object],[object Object],[object Object],[object Object],[object Object],[object Object],[object Object],[object Object],[object Object],[object Object],[object Object],[object Object],[object Object],[object Object],[object Object],[object Object],[object Object],[object Object],[object Object],[object Object],[object Object],[object Object],[object Object],[object Object],[object Object],[object Object],[object Object],[object Object],[object Object],[object Object],[object Object],[object Object],[object Object],[object Object],[object Object],[object Object],[object Object],[object Object],[object Object],[object Object],[object Object],[object Object],[object Object],[object Object],[object Object],[object Object],[object Object]","timestamp":"2014/04/25 13:43:38,240"}
{"level":"info","message":"read server.conf!","timestamp":"2014/04/25 14:09:50,0"}
{"level":"debug","message":"{\r\n\t\"port\": 3000,\r\n\t\"maxLine\": 1000,\r\n\t\"fileReloadTime\": 3600000,\r\n\t\"files\": [\r\n\t\t{\"id\": \"ap01\", \"name\":\"기간계 AP1\", \"path\":\"logs\", \"filter\":\"console_([0-9]){8}\\\\.log\"}\r\n\t],\r\n\t\"users\": [\r\n\t\t{\"id\":\"test1\", \"name\":\"test1\", \"passwd\":\"1234\"},\r\n\t\t{\"id\":\"test2\", \"name\":\"test2\", \"passwd\":\"1234\"}\r\n\t]\r\n}","timestamp":"2014/04/25 14:09:50,2"}
{"level":"debug","message":"load file - logs","timestamp":"2014/04/25 14:09:50,3"}
{"level":"debug","message":"file date:22, today:25","timestamp":"2014/04/25 14:09:50,4"}
{"level":"debug","message":"file date:25, today:25","timestamp":"2014/04/25 14:09:50,5"}
{"level":"debug","message":"logs/console_20140412.log - add timesize!","timestamp":"2014/04/25 14:09:50,5"}
{"level":"debug","message":"file date:25, today:25","timestamp":"2014/04/25 14:09:50,6"}
{"level":"debug","message":"logs/console_20140413.log - add timesize!","timestamp":"2014/04/25 14:09:50,6"}
{"level":"debug","message":"file date:22, today:25","timestamp":"2014/04/25 14:09:50,7"}
{"level":"debug","message":"file date:25, today:25","timestamp":"2014/04/25 14:09:50,7"}
{"level":"debug","message":"logs/console_20140415.log - add timesize!","timestamp":"2014/04/25 14:09:50,7"}
{"level":"info","message":"files load end.","timestamp":"2014/04/25 14:09:50,8"}
{"level":"info","message":"make nodes","timestamp":"2014/04/25 14:09:50,8"}
{"level":"debug","message":"[{\"id\":\"ap01\",\"parent\":\"#\",\"text\":\"기간계 AP1\"},{\"id\":\"ap01_3\",\"parent\":\"ap01\",\"text\":\"console_20140411.log\",\"icon\":\"images/document.png\"},{\"id\":\"ap01_4\",\"parent\":\"ap01\",\"text\":\"console_20140412.log\",\"icon\":\"images/document.png\"},{\"id\":\"ap01_5\",\"parent\":\"ap01\",\"text\":\"console_20140413.log\",\"icon\":\"images/document.png\"},{\"id\":\"ap01_6\",\"parent\":\"ap01\",\"text\":\"console_20140414.log\",\"icon\":\"images/document.png\"},{\"id\":\"ap01_7\",\"parent\":\"ap01\",\"text\":\"console_20140415.log\",\"icon\":\"images/document.png\"}]","timestamp":"2014/04/25 14:09:50,10"}
{"level":"info","message":"wlog server shutdown!","timestamp":"2014/04/25 14:17:47,404"}
{"level":"info","message":"read server.conf!","timestamp":"2014/04/25 14:17:50,429"}
{"level":"debug","message":"{\r\n\t\"port\": 3000,\r\n\t\"maxLine\": 1000,\r\n\t\"fileReloadTime\": 3600000,\r\n\t\"files\": [\r\n\t\t{\"id\": \"ap01\", \"name\":\"기간계 AP1\", \"path\":\"logs\", \"filter\":\"console_([0-9]){8}\\\\.log\"}\r\n\t],\r\n\t\"users\": [\r\n\t\t{\"id\":\"test1\", \"name\":\"test1\", \"passwd\":\"1234\"},\r\n\t\t{\"id\":\"test2\", \"name\":\"test2\", \"passwd\":\"1234\"}\r\n\t]\r\n}","timestamp":"2014/04/25 14:17:50,432"}
{"level":"debug","message":"load file - logs","timestamp":"2014/04/25 14:17:50,433"}
{"level":"debug","message":"file date:22, today:25","timestamp":"2014/04/25 14:17:50,434"}
{"level":"debug","message":"file date:25, today:25","timestamp":"2014/04/25 14:17:50,435"}
{"level":"debug","message":"logs/console_20140412.log - add timesize!","timestamp":"2014/04/25 14:17:50,435"}
{"level":"debug","message":"file date:25, today:25","timestamp":"2014/04/25 14:17:50,436"}
{"level":"debug","message":"logs/console_20140413.log - add timesize!","timestamp":"2014/04/25 14:17:50,436"}
{"level":"debug","message":"file date:22, today:25","timestamp":"2014/04/25 14:17:50,437"}
{"level":"debug","message":"file date:25, today:25","timestamp":"2014/04/25 14:17:50,438"}
{"level":"debug","message":"logs/console_20140415.log - add timesize!","timestamp":"2014/04/25 14:17:50,438"}
{"level":"info","message":"files load end.","timestamp":"2014/04/25 14:17:50,439"}
{"level":"info","message":"make nodes","timestamp":"2014/04/25 14:17:50,439"}
{"level":"debug","message":"[{\"id\":\"ap01\",\"parent\":\"#\",\"text\":\"기간계 AP1\"},{\"id\":\"ap01_3\",\"parent\":\"ap01\",\"text\":\"console_20140411.log\",\"icon\":\"images/document.png\"},{\"id\":\"ap01_4\",\"parent\":\"ap01\",\"text\":\"console_20140412.log\",\"icon\":\"images/document.png\"},{\"id\":\"ap01_5\",\"parent\":\"ap01\",\"text\":\"console_20140413.log\",\"icon\":\"images/document.png\"},{\"id\":\"ap01_6\",\"parent\":\"ap01\",\"text\":\"console_20140414.log\",\"icon\":\"images/document.png\"},{\"id\":\"ap01_7\",\"parent\":\"ap01\",\"text\":\"console_20140415.log\",\"icon\":\"images/document.png\"}]","timestamp":"2014/04/25 14:17:50,442"}
{"level":"info","message":"wlog server shutdown!","timestamp":"2014/04/25 14:43:36,894"}
{"level":"info","message":"read server.conf!","timestamp":"2014/04/25 14:43:40,519"}
{"level":"debug","message":"{\r\n\t\"port\": 3000,\r\n\t\"maxLine\": 1000,\r\n\t\"fileReloadTime\": 3600000,\r\n\t\"files\": [\r\n\t\t{\"id\": \"ap01\", \"name\":\"기간계 AP1\", \"path\":\"logs\", \"filter\":\"console_([0-9]){8}\\\\.log\"}\r\n\t],\r\n\t\"users\": [\r\n\t\t{\"id\":\"test1\", \"name\":\"test1\", \"passwd\":\"1234\"},\r\n\t\t{\"id\":\"test2\", \"name\":\"test2\", \"passwd\":\"1234\"}\r\n\t]\r\n}","timestamp":"2014/04/25 14:43:40,522"}
{"level":"debug","message":"load file - logs","timestamp":"2014/04/25 14:43:40,523"}
{"level":"debug","message":"file date:22, today:25","timestamp":"2014/04/25 14:43:40,524"}
{"level":"debug","message":"file date:25, today:25","timestamp":"2014/04/25 14:43:40,524"}
{"level":"debug","message":"logs/console_20140412.log - add timesize!","timestamp":"2014/04/25 14:43:40,524"}
{"level":"debug","message":"file date:25, today:25","timestamp":"2014/04/25 14:43:40,525"}
{"level":"debug","message":"logs/console_20140413.log - add timesize!","timestamp":"2014/04/25 14:43:40,525"}
{"level":"debug","message":"file date:22, today:25","timestamp":"2014/04/25 14:43:40,526"}
{"level":"debug","message":"file date:25, today:25","timestamp":"2014/04/25 14:43:40,526"}
{"level":"debug","message":"logs/console_20140415.log - add timesize!","timestamp":"2014/04/25 14:43:40,526"}
{"level":"info","message":"files load end.","timestamp":"2014/04/25 14:43:40,526"}
{"level":"info","message":"make nodes","timestamp":"2014/04/25 14:43:40,527"}
{"level":"debug","message":"[{\"id\":\"ap01\",\"parent\":\"#\",\"text\":\"기간계 AP1\"},{\"id\":\"ap01_3\",\"parent\":\"ap01\",\"text\":\"console_20140411.log\",\"icon\":\"images/document.png\"},{\"id\":\"ap01_4\",\"parent\":\"ap01\",\"text\":\"console_20140412.log\",\"icon\":\"images/document.png\"},{\"id\":\"ap01_5\",\"parent\":\"ap01\",\"text\":\"console_20140413.log\",\"icon\":\"images/document.png\"},{\"id\":\"ap01_6\",\"parent\":\"ap01\",\"text\":\"console_20140414.log\",\"icon\":\"images/document.png\"},{\"id\":\"ap01_7\",\"parent\":\"ap01\",\"text\":\"console_20140415.log\",\"icon\":\"images/document.png\"}]","timestamp":"2014/04/25 14:43:40,529"}
{"level":"info","message":"read server.conf!","timestamp":"2014/04/25 14:46:22,587"}
{"level":"debug","message":"{\r\n\t\"port\": 3000,\r\n\t\"maxLine\": 1000,\r\n\t\"fileReloadTime\": 3600000,\r\n\t\"files\": [\r\n\t\t{\"id\": \"ap01\", \"name\":\"기간계 AP1\", \"path\":\"logs\", \"filter\":\"console_([0-9]){8}\\\\.log\"}\r\n\t],\r\n\t\"users\": [\r\n\t\t{\"id\":\"test1\", \"name\":\"test1\", \"passwd\":\"1234\"},\r\n\t\t{\"id\":\"test2\", \"name\":\"test2\", \"passwd\":\"1234\"}\r\n\t]\r\n}","timestamp":"2014/04/25 14:46:22,589"}
{"level":"debug","message":"load file - logs","timestamp":"2014/04/25 14:46:22,591"}
{"level":"debug","message":"file date:22, today:25","timestamp":"2014/04/25 14:46:22,591"}
{"level":"debug","message":"file date:25, today:25","timestamp":"2014/04/25 14:46:22,592"}
{"level":"debug","message":"logs/console_20140412.log - add timesize!","timestamp":"2014/04/25 14:46:22,593"}
{"level":"debug","message":"file date:25, today:25","timestamp":"2014/04/25 14:46:22,594"}
{"level":"debug","message":"logs/console_20140413.log - add timesize!","timestamp":"2014/04/25 14:46:22,594"}
{"level":"debug","message":"file date:22, today:25","timestamp":"2014/04/25 14:46:22,594"}
{"level":"debug","message":"file date:25, today:25","timestamp":"2014/04/25 14:46:22,595"}
{"level":"debug","message":"logs/console_20140415.log - add timesize!","timestamp":"2014/04/25 14:46:22,595"}
{"level":"info","message":"files load end.","timestamp":"2014/04/25 14:46:22,595"}
{"level":"info","message":"make nodes","timestamp":"2014/04/25 14:46:22,596"}
{"level":"debug","message":"[{\"id\":\"ap01\",\"parent\":\"#\",\"text\":\"기간계 AP1\"},{\"id\":\"ap01_3\",\"parent\":\"ap01\",\"text\":\"console_20140411.log\",\"icon\":\"images/document.png\"},{\"id\":\"ap01_4\",\"parent\":\"ap01\",\"text\":\"console_20140412.log\",\"icon\":\"images/document.png\"},{\"id\":\"ap01_5\",\"parent\":\"ap01\",\"text\":\"console_20140413.log\",\"icon\":\"images/document.png\"},{\"id\":\"ap01_6\",\"parent\":\"ap01\",\"text\":\"console_20140414.log\",\"icon\":\"images/document.png\"},{\"id\":\"ap01_7\",\"parent\":\"ap01\",\"text\":\"console_20140415.log\",\"icon\":\"images/document.png\"}]","timestamp":"2014/04/25 14:46:22,598"}
{"level":"info","message":"wlog server shutdown!","timestamp":"2014/04/25 15:14:09,846"}
{"level":"info","message":"read server.conf!","timestamp":"2014/04/25 15:14:13,376"}
{"level":"debug","message":"{\r\n\t\"port\": 3000,\r\n\t\"maxLine\": 1000,\r\n\t\"fileReloadTime\": 3600000,\r\n\t\"files\": [\r\n\t\t{\"id\": \"ap01\", \"name\":\"기간계 AP1\", \"path\":\"logs\", \"filter\":\"console_([0-9]){8}\\\\.log\"}\r\n\t],\r\n\t\"users\": [\r\n\t\t{\"id\":\"test1\", \"name\":\"test1\", \"passwd\":\"1234\"},\r\n\t\t{\"id\":\"test2\", \"name\":\"test2\", \"passwd\":\"1234\"}\r\n\t]\r\n}","timestamp":"2014/04/25 15:14:13,379"}
{"level":"debug","message":"load file - logs","timestamp":"2014/04/25 15:14:13,380"}
{"level":"debug","message":"file date:22, today:25","timestamp":"2014/04/25 15:14:13,381"}
{"level":"debug","message":"file date:25, today:25","timestamp":"2014/04/25 15:14:13,381"}
{"level":"debug","message":"logs/console_20140412.log - add timesize!","timestamp":"2014/04/25 15:14:13,382"}
{"level":"debug","message":"file date:25, today:25","timestamp":"2014/04/25 15:14:13,382"}
{"level":"debug","message":"logs/console_20140413.log - add timesize!","timestamp":"2014/04/25 15:14:13,382"}
{"level":"debug","message":"file date:22, today:25","timestamp":"2014/04/25 15:14:13,383"}
{"level":"debug","message":"file date:25, today:25","timestamp":"2014/04/25 15:14:13,383"}
{"level":"debug","message":"logs/console_20140415.log - add timesize!","timestamp":"2014/04/25 15:14:13,383"}
{"level":"info","message":"files load end.","timestamp":"2014/04/25 15:14:13,384"}
{"level":"info","message":"make nodes","timestamp":"2014/04/25 15:14:13,384"}
{"level":"debug","message":"[{\"id\":\"ap01\",\"parent\":\"#\",\"text\":\"기간계 AP1\"},{\"id\":\"ap01_3\",\"parent\":\"ap01\",\"text\":\"console_20140411.log\",\"icon\":\"images/document.png\"},{\"id\":\"ap01_4\",\"parent\":\"ap01\",\"text\":\"console_20140412.log\",\"icon\":\"images/document.png\"},{\"id\":\"ap01_5\",\"parent\":\"ap01\",\"text\":\"console_20140413.log\",\"icon\":\"images/document.png\"},{\"id\":\"ap01_6\",\"parent\":\"ap01\",\"text\":\"console_20140414.log\",\"icon\":\"images/document.png\"},{\"id\":\"ap01_7\",\"parent\":\"ap01\",\"text\":\"console_20140415.log\",\"icon\":\"images/document.png\"}]","timestamp":"2014/04/25 15:14:13,386"}
{"level":"info","message":"wlog server shutdown!","timestamp":"2014/04/25 15:27:21,934"}
{"level":"info","message":"read server.conf!","timestamp":"2014/04/25 15:27:25,961"}
{"level":"debug","message":"{\r\n\t\"port\": 3000,\r\n\t\"maxLine\": 1000,\r\n\t\"fileReloadTime\": 3600000,\r\n\t\"files\": [\r\n\t\t{\"id\": \"ap01\", \"name\":\"기간계 AP1\", \"path\":\"logs\", \"filter\":\"console_([0-9]){8}\\\\.log\"}\r\n\t],\r\n\t\"users\": [\r\n\t\t{\"id\":\"test1\", \"name\":\"test1\", \"passwd\":\"1234\"},\r\n\t\t{\"id\":\"test2\", \"name\":\"test2\", \"passwd\":\"1234\"}\r\n\t]\r\n}","timestamp":"2014/04/25 15:27:25,966"}
{"level":"debug","message":"load file - logs","timestamp":"2014/04/25 15:27:25,967"}
{"level":"debug","message":"file date:22, today:25","timestamp":"2014/04/25 15:27:25,968"}
{"level":"debug","message":"file date:25, today:25","timestamp":"2014/04/25 15:27:25,969"}
{"level":"debug","message":"logs/console_20140412.log - add timesize!","timestamp":"2014/04/25 15:27:25,969"}
{"level":"debug","message":"file date:25, today:25","timestamp":"2014/04/25 15:27:25,969"}
{"level":"debug","message":"logs/console_20140413.log - add timesize!","timestamp":"2014/04/25 15:27:25,970"}
{"level":"debug","message":"file date:22, today:25","timestamp":"2014/04/25 15:27:25,970"}
{"level":"debug","message":"file date:25, today:25","timestamp":"2014/04/25 15:27:25,970"}
{"level":"debug","message":"logs/console_20140415.log - add timesize!","timestamp":"2014/04/25 15:27:25,971"}
{"level":"info","message":"files load end.","timestamp":"2014/04/25 15:27:25,971"}
{"level":"info","message":"make nodes","timestamp":"2014/04/25 15:27:25,972"}
{"level":"debug","message":"[{\"id\":\"ap01\",\"parent\":\"#\",\"text\":\"기간계 AP1\"},{\"id\":\"ap01_3\",\"parent\":\"ap01\",\"text\":\"console_20140411.log\",\"icon\":\"images/document.png\"},{\"id\":\"ap01_4\",\"parent\":\"ap01\",\"text\":\"console_20140412.log\",\"icon\":\"images/document.png\"},{\"id\":\"ap01_5\",\"parent\":\"ap01\",\"text\":\"console_20140413.log\",\"icon\":\"images/document.png\"},{\"id\":\"ap01_6\",\"parent\":\"ap01\",\"text\":\"console_20140414.log\",\"icon\":\"images/document.png\"},{\"id\":\"ap01_7\",\"parent\":\"ap01\",\"text\":\"console_20140415.log\",\"icon\":\"images/document.png\"}]","timestamp":"2014/04/25 15:27:25,974"}
{"level":"info","message":"wlog server shutdown!","timestamp":"2014/04/25 15:29:17,386"}
{"level":"info","message":"read server.conf!","timestamp":"2014/04/25 15:29:22,71"}
{"level":"debug","message":"{\r\n\t\"port\": 3000,\r\n\t\"maxLine\": 1000,\r\n\t\"fileReloadTime\": 3600000,\r\n\t\"files\": [\r\n\t\t{\"id\": \"ap01\", \"name\":\"기간계 AP1\", \"path\":\"logs\", \"filter\":\"console_([0-9]){8}\\\\.log\"}\r\n\t],\r\n\t\"users\": [\r\n\t\t{\"id\":\"test1\", \"name\":\"test1\", \"passwd\":\"1234\"},\r\n\t\t{\"id\":\"test2\", \"name\":\"test2\", \"passwd\":\"1234\"}\r\n\t]\r\n}","timestamp":"2014/04/25 15:29:22,73"}
{"level":"debug","message":"load file - logs","timestamp":"2014/04/25 15:29:22,74"}
{"level":"debug","message":"file date:22, today:25","timestamp":"2014/04/25 15:29:22,75"}
{"level":"debug","message":"file date:25, today:25","timestamp":"2014/04/25 15:29:22,75"}
{"level":"debug","message":"logs/console_20140412.log - add timesize!","timestamp":"2014/04/25 15:29:22,75"}
{"level":"debug","message":"file date:25, today:25","timestamp":"2014/04/25 15:29:22,76"}
{"level":"debug","message":"logs/console_20140413.log - add timesize!","timestamp":"2014/04/25 15:29:22,76"}
{"level":"debug","message":"file date:22, today:25","timestamp":"2014/04/25 15:29:22,77"}
{"level":"debug","message":"file date:25, today:25","timestamp":"2014/04/25 15:29:22,77"}
{"level":"debug","message":"logs/console_20140415.log - add timesize!","timestamp":"2014/04/25 15:29:22,77"}
{"level":"info","message":"files load end.","timestamp":"2014/04/25 15:29:22,78"}
{"level":"info","message":"make nodes","timestamp":"2014/04/25 15:29:22,78"}
{"level":"debug","message":"[{\"id\":\"ap01\",\"parent\":\"#\",\"text\":\"기간계 AP1\"},{\"id\":\"ap01_3\",\"parent\":\"ap01\",\"text\":\"console_20140411.log\",\"icon\":\"images/document.png\"},{\"id\":\"ap01_4\",\"parent\":\"ap01\",\"text\":\"console_20140412.log\",\"icon\":\"images/document.png\"},{\"id\":\"ap01_5\",\"parent\":\"ap01\",\"text\":\"console_20140413.log\",\"icon\":\"images/document.png\"},{\"id\":\"ap01_6\",\"parent\":\"ap01\",\"text\":\"console_20140414.log\",\"icon\":\"images/document.png\"},{\"id\":\"ap01_7\",\"parent\":\"ap01\",\"text\":\"console_20140415.log\",\"icon\":\"images/document.png\"}]","timestamp":"2014/04/25 15:29:22,80"}
{"level":"info","message":"wlog server shutdown!","timestamp":"2014/04/25 15:30:59,584"}
{"level":"info","message":"read server.conf!","timestamp":"2014/04/25 15:31:03,675"}
{"level":"debug","message":"{\r\n\t\"port\": 3000,\r\n\t\"maxLine\": 1000,\r\n\t\"fileReloadTime\": 3600000,\r\n\t\"files\": [\r\n\t\t{\"id\": \"ap01\", \"name\":\"기간계 AP1\", \"path\":\"logs\", \"filter\":\"console_([0-9]){8}\\\\.log\"}\r\n\t],\r\n\t\"users\": [\r\n\t\t{\"id\":\"test1\", \"name\":\"test1\", \"passwd\":\"1234\"},\r\n\t\t{\"id\":\"test2\", \"name\":\"test2\", \"passwd\":\"1234\"}\r\n\t]\r\n}","timestamp":"2014/04/25 15:31:03,678"}
{"level":"debug","message":"load file - logs","timestamp":"2014/04/25 15:31:03,679"}
{"level":"debug","message":"file date:22, today:25","timestamp":"2014/04/25 15:31:03,680"}
{"level":"debug","message":"file date:25, today:25","timestamp":"2014/04/25 15:31:03,680"}
{"level":"debug","message":"logs/console_20140412.log - add timesize!","timestamp":"2014/04/25 15:31:03,680"}
{"level":"debug","message":"file date:25, today:25","timestamp":"2014/04/25 15:31:03,681"}
{"level":"debug","message":"logs/console_20140413.log - add timesize!","timestamp":"2014/04/25 15:31:03,681"}
{"level":"debug","message":"file date:22, today:25","timestamp":"2014/04/25 15:31:03,681"}
{"level":"debug","message":"file date:25, today:25","timestamp":"2014/04/25 15:31:03,682"}
{"level":"debug","message":"logs/console_20140415.log - add timesize!","timestamp":"2014/04/25 15:31:03,682"}
{"level":"info","message":"files load end.","timestamp":"2014/04/25 15:31:03,682"}
{"level":"info","message":"make nodes","timestamp":"2014/04/25 15:31:03,683"}
{"level":"debug","message":"[{\"id\":\"ap01\",\"parent\":\"#\",\"text\":\"기간계 AP1\"},{\"id\":\"ap01_3\",\"parent\":\"ap01\",\"text\":\"console_20140411.log\",\"icon\":\"images/document.png\"},{\"id\":\"ap01_4\",\"parent\":\"ap01\",\"text\":\"console_20140412.log\",\"icon\":\"images/document.png\"},{\"id\":\"ap01_5\",\"parent\":\"ap01\",\"text\":\"console_20140413.log\",\"icon\":\"images/document.png\"},{\"id\":\"ap01_6\",\"parent\":\"ap01\",\"text\":\"console_20140414.log\",\"icon\":\"images/document.png\"},{\"id\":\"ap01_7\",\"parent\":\"ap01\",\"text\":\"console_20140415.log\",\"icon\":\"images/document.png\"}]","timestamp":"2014/04/25 15:31:03,686"}
{"level":"debug","message":"nodeInfo.json:logs/console_20140412.log - [object Object],[object Object],[object Object],[object Object],[object Object],[object Object],[object Object],[object Object],[object Object],[object Object],[object Object],[object Object],[object Object],[object Object],[object Object],[object Object],[object Object],[object Object],[object Object],[object Object],[object Object],[object Object],[object Object],[object Object],[object Object],[object Object],[object Object],[object Object],[object Object],[object Object],[object Object],[object Object],[object Object],[object Object],[object Object],[object Object],[object Object],[object Object],[object Object],[object Object],[object Object],[object Object],[object Object],[object Object],[object Object],[object Object],[object Object],[object Object],[object Object],[object Object],[object Object],[object Object],[object Object],[object Object],[object Object],[object Object],[object Object],[object Object],[object Object],[object Object],[object Object],[object Object],[object Object],[object Object],[object Object],[object Object]","timestamp":"2014/04/25 15:31:34,516"}
{"level":"debug","message":"nodeInfo.json:logs/console_20140414.log - undefined","timestamp":"2014/04/25 15:31:36,994"}
{"level":"info","message":"wlog server shutdown!","timestamp":"2014/04/25 15:40:02,564"}
{"level":"info","message":"read server.conf!","timestamp":"2014/04/25 15:40:07,610"}
{"level":"debug","message":"{\r\n\t\"port\": 3000,\r\n\t\"maxLine\": 1000,\r\n\t\"fileReloadTime\": 3600000,\r\n\t\"files\": [\r\n\t\t{\"id\": \"ap01\", \"name\":\"기간계 AP1\", \"path\":\"logs\", \"filter\":\"console_([0-9]){8}\\\\.log\"}\r\n\t],\r\n\t\"users\": [\r\n\t\t{\"id\":\"test1\", \"name\":\"test1\", \"passwd\":\"1234\"},\r\n\t\t{\"id\":\"test2\", \"name\":\"test2\", \"passwd\":\"1234\"}\r\n\t]\r\n}","timestamp":"2014/04/25 15:40:07,613"}
{"level":"debug","message":"load file - logs","timestamp":"2014/04/25 15:40:07,614"}
{"level":"debug","message":"file date:22, today:25","timestamp":"2014/04/25 15:40:07,615"}
{"level":"debug","message":"file date:25, today:25","timestamp":"2014/04/25 15:40:07,615"}
{"level":"debug","message":"logs/console_20140412.log - add timesize!","timestamp":"2014/04/25 15:40:07,616"}
{"level":"debug","message":"file date:25, today:25","timestamp":"2014/04/25 15:40:07,616"}
{"level":"debug","message":"logs/console_20140413.log - add timesize!","timestamp":"2014/04/25 15:40:07,616"}
{"level":"debug","message":"file date:22, today:25","timestamp":"2014/04/25 15:40:07,617"}
{"level":"debug","message":"file date:25, today:25","timestamp":"2014/04/25 15:40:07,617"}
{"level":"debug","message":"logs/console_20140415.log - add timesize!","timestamp":"2014/04/25 15:40:07,617"}
{"level":"info","message":"files load end.","timestamp":"2014/04/25 15:40:07,618"}
{"level":"info","message":"make nodes","timestamp":"2014/04/25 15:40:07,618"}
{"level":"debug","message":"[{\"id\":\"ap01\",\"parent\":\"#\",\"text\":\"기간계 AP1\"},{\"id\":\"ap01_3\",\"parent\":\"ap01\",\"text\":\"console_20140411.log\",\"icon\":\"images/document.png\"},{\"id\":\"ap01_4\",\"parent\":\"ap01\",\"text\":\"console_20140412.log\",\"icon\":\"images/document.png\"},{\"id\":\"ap01_5\",\"parent\":\"ap01\",\"text\":\"console_20140413.log\",\"icon\":\"images/document.png\"},{\"id\":\"ap01_6\",\"parent\":\"ap01\",\"text\":\"console_20140414.log\",\"icon\":\"images/document.png\"},{\"id\":\"ap01_7\",\"parent\":\"ap01\",\"text\":\"console_20140415.log\",\"icon\":\"images/document.png\"}]","timestamp":"2014/04/25 15:40:07,620"}
{"level":"info","message":"read server.conf!","timestamp":"2014/04/25 16:26:58,971"}
{"level":"debug","message":"{\r\n\t\"port\": 3000,\r\n\t\"maxLine\": 1000,\r\n\t\"encryptKey\": \"wlog$cookieParser$encrypt#key\",\r\n\t\"fileReloadTime\": 3600000,\r\n\t\"files\": [\r\n\t\t{\"id\": \"ap01\", \"name\":\"기간계 AP1\", \"path\":\"logs\", \"filter\":\"console_([0-9]){8}\\\\.log\"}\r\n\t],\r\n\t\"users\": [\r\n\t\t{\"id\":\"test1\", \"name\":\"test1\", \"passwd\":\"1234\"},\r\n\t\t{\"id\":\"test2\", \"name\":\"test2\", \"passwd\":\"1234\"}\r\n\t]\r\n}","timestamp":"2014/04/25 16:26:58,974"}
{"level":"debug","message":"load file - logs","timestamp":"2014/04/25 16:26:58,975"}
{"level":"debug","message":"file date:22, today:25","timestamp":"2014/04/25 16:26:58,976"}
{"level":"debug","message":"file date:25, today:25","timestamp":"2014/04/25 16:26:58,976"}
{"level":"debug","message":"logs/console_20140412.log - add timesize!","timestamp":"2014/04/25 16:26:58,976"}
{"level":"debug","message":"file date:25, today:25","timestamp":"2014/04/25 16:26:58,977"}
{"level":"debug","message":"logs/console_20140413.log - add timesize!","timestamp":"2014/04/25 16:26:58,977"}
{"level":"debug","message":"file date:22, today:25","timestamp":"2014/04/25 16:26:58,978"}
{"level":"debug","message":"file date:25, today:25","timestamp":"2014/04/25 16:26:58,979"}
{"level":"debug","message":"logs/console_20140415.log - add timesize!","timestamp":"2014/04/25 16:26:58,979"}
{"level":"info","message":"files load end.","timestamp":"2014/04/25 16:26:58,979"}
{"level":"info","message":"make nodes","timestamp":"2014/04/25 16:26:58,980"}
{"level":"debug","message":"[{\"id\":\"ap01\",\"parent\":\"#\",\"text\":\"기간계 AP1\"},{\"id\":\"ap01_3\",\"parent\":\"ap01\",\"text\":\"console_20140411.log\",\"icon\":\"images/document.png\"},{\"id\":\"ap01_4\",\"parent\":\"ap01\",\"text\":\"console_20140412.log\",\"icon\":\"images/document.png\"},{\"id\":\"ap01_5\",\"parent\":\"ap01\",\"text\":\"console_20140413.log\",\"icon\":\"images/document.png\"},{\"id\":\"ap01_6\",\"parent\":\"ap01\",\"text\":\"console_20140414.log\",\"icon\":\"images/document.png\"},{\"id\":\"ap01_7\",\"parent\":\"ap01\",\"text\":\"console_20140415.log\",\"icon\":\"images/document.png\"}]","timestamp":"2014/04/25 16:26:58,982"}
{"level":"debug","message":"nodeInfo.json:logs/console_20140412.log - [object Object],[object Object],[object Object],[object Object],[object Object],[object Object],[object Object],[object Object],[object Object],[object Object],[object Object],[object Object],[object Object],[object Object],[object Object],[object Object],[object Object],[object Object],[object Object],[object Object],[object Object],[object Object],[object Object],[object Object],[object Object],[object Object],[object Object],[object Object],[object Object],[object Object],[object Object],[object Object],[object Object],[object Object],[object Object],[object Object],[object Object],[object Object],[object Object],[object Object],[object Object],[object Object],[object Object],[object Object],[object Object],[object Object],[object Object],[object Object],[object Object],[object Object],[object Object],[object Object],[object Object],[object Object],[object Object],[object Object],[object Object],[object Object],[object Object],[object Object],[object Object],[object Object],[object Object],[object Object],[object Object],[object Object],[object Object],[object Object]","timestamp":"2014/04/25 16:27:19,924"}
{"level":"debug","message":"nodeInfo.json:logs/console_20140413.log - [object Object],[object Object],[object Object],[object Object],[object Object],[object Object],[object Object],[object Object],[object Object],[object Object],[object Object],[object Object],[object Object],[object Object],[object Object],[object Object],[object Object],[object Object],[object Object],[object Object],[object Object],[object Object],[object Object],[object Object],[object Object],[object Object],[object Object]","timestamp":"2014/04/25 16:27:43,122"}
{"level":"debug","message":"nodeInfo.json:logs/console_20140412.log - [object Object],[object Object],[object Object],[object Object],[object Object],[object Object],[object Object],[object Object],[object Object],[object Object],[object Object],[object Object],[object Object],[object Object],[object Object],[object Object],[object Object],[object Object],[object Object],[object Object],[object Object],[object Object],[object Object],[object Object],[object Object],[object Object],[object Object],[object Object],[object Object],[object Object],[object Object],[object Object],[object Object],[object Object],[object Object],[object Object],[object Object],[object Object],[object Object],[object Object],[object Object],[object Object],[object Object],[object Object],[object Object],[object Object],[object Object],[object Object],[object Object],[object Object],[object Object],[object Object],[object Object],[object Object],[object Object],[object Object],[object Object],[object Object],[object Object],[object Object],[object Object],[object Object],[object Object],[object Object],[object Object],[object Object],[object Object],[object Object]","timestamp":"2014/04/25 16:28:42,379"}
{"level":"debug","message":"nodeInfo.json:logs/console_20140413.log - [object Object],[object Object],[object Object],[object Object],[object Object],[object Object],[object Object],[object Object],[object Object],[object Object],[object Object],[object Object],[object Object],[object Object],[object Object],[object Object],[object Object],[object Object],[object Object],[object Object],[object Object],[object Object],[object Object],[object Object],[object Object],[object Object],[object Object]","timestamp":"2014/04/25 16:28:45,174"}
{"level":"debug","message":"nodeInfo.json:logs/console_20140412.log - [object Object],[object Object],[object Object],[object Object],[object Object],[object Object],[object Object],[object Object],[object Object],[object Object],[object Object],[object Object],[object Object],[object Object],[object Object],[object Object],[object Object],[object Object],[object Object],[object Object],[object Object],[object Object],[object Object],[object Object],[object Object],[object Object],[object Object],[object Object],[object Object],[object Object],[object Object],[object Object],[object Object],[object Object],[object Object],[object Object],[object Object],[object Object],[object Object],[object Object],[object Object],[object Object],[object Object],[object Object],[object Object],[object Object],[object Object],[object Object],[object Object],[object Object],[object Object],[object Object],[object Object],[object Object],[object Object],[object Object],[object Object],[object Object],[object Object],[object Object],[object Object],[object Object],[object Object],[object Object],[object Object],[object Object],[object Object],[object Object]","timestamp":"2014/04/25 16:28:49,481"}
{"level":"debug","message":"nodeInfo.json:logs/console_20140413.log - [object Object],[object Object],[object Object],[object Object],[object Object],[object Object],[object Object],[object Object],[object Object],[object Object],[object Object],[object Object],[object Object],[object Object],[object Object],[object Object],[object Object],[object Object],[object Object],[object Object],[object Object],[object Object],[object Object],[object Object],[object Object],[object Object],[object Object]","timestamp":"2014/04/25 16:28:57,158"}
{"level":"debug","message":"nodeInfo.json:logs/console_20140414.log - undefined","timestamp":"2014/04/25 16:29:07,257"}
{"level":"debug","message":"nodeInfo.json:logs/console_20140413.log - [object Object],[object Object],[object Object],[object Object],[object Object],[object Object],[object Object],[object Object],[object Object],[object Object],[object Object],[object Object],[object Object],[object Object],[object Object],[object Object],[object Object],[object Object],[object Object],[object Object],[object Object],[object Object],[object Object],[object Object],[object Object],[object Object],[object Object]","timestamp":"2014/04/25 16:29:23,588"}
{"level":"debug","message":"nodeInfo.json:logs/console_20140415.log - [object Object],[object Object],[object Object],[object Object],[object Object],[object Object],[object Object],[object Object],[object Object],[object Object],[object Object],[object Object],[object Object],[object Object]","timestamp":"2014/04/25 16:29:28,293"}
{"level":"debug","message":"nodeInfo.json:logs/console_20140412.log - [object Object],[object Object],[object Object],[object Object],[object Object],[object Object],[object Object],[object Object],[object Object],[object Object],[object Object],[object Object],[object Object],[object Object],[object Object],[object Object],[object Object],[object Object],[object Object],[object Object],[object Object],[object Object],[object Object],[object Object],[object Object],[object Object],[object Object],[object Object],[object Object],[object Object],[object Object],[object Object],[object Object],[object Object],[object Object],[object Object],[object Object],[object Object],[object Object],[object Object],[object Object],[object Object],[object Object],[object Object],[object Object],[object Object],[object Object],[object Object],[object Object],[object Object],[object Object],[object Object],[object Object],[object Object],[object Object],[object Object],[object Object],[object Object],[object Object],[object Object],[object Object],[object Object],[object Object],[object Object],[object Object],[object Object],[object Object],[object Object]","timestamp":"2014/04/25 16:37:19,833"}
{"level":"debug","message":"nodeInfo.json:logs/console_20140414.log - undefined","timestamp":"2014/04/25 16:37:30,690"}
{"level":"debug","message":"nodeInfo.json:logs/console_20140414.log - undefined","timestamp":"2014/04/25 16:37:36,615"}
{"level":"debug","message":"nodeInfo.json:logs/console_20140415.log - [object Object],[object Object],[object Object],[object Object],[object Object],[object Object],[object Object],[object Object],[object Object],[object Object],[object Object],[object Object],[object Object],[object Object]","timestamp":"2014/04/25 16:37:37,305"}
{"level":"debug","message":"nodeInfo.json:logs/console_20140411.log - undefined","timestamp":"2014/04/25 16:49:05,771"}
{"level":"debug","message":"nodeInfo.json:logs/console_20140412.log - [object Object],[object Object],[object Object],[object Object],[object Object],[object Object],[object Object],[object Object],[object Object],[object Object],[object Object],[object Object],[object Object],[object Object],[object Object],[object Object],[object Object],[object Object],[object Object],[object Object],[object Object],[object Object],[object Object],[object Object],[object Object],[object Object],[object Object],[object Object],[object Object],[object Object],[object Object],[object Object],[object Object],[object Object],[object Object],[object Object],[object Object],[object Object],[object Object],[object Object],[object Object],[object Object],[object Object],[object Object],[object Object],[object Object],[object Object],[object Object],[object Object],[object Object],[object Object],[object Object],[object Object],[object Object],[object Object],[object Object],[object Object],[object Object],[object Object],[object Object],[object Object],[object Object],[object Object],[object Object],[object Object],[object Object],[object Object],[object Object]","timestamp":"2014/04/25 16:50:20,667"}
{"level":"debug","message":"nodeInfo.json:logs/console_20140413.log - [object Object],[object Object],[object Object],[object Object],[object Object],[object Object],[object Object],[object Object],[object Object],[object Object],[object Object],[object Object],[object Object],[object Object],[object Object],[object Object],[object Object],[object Object],[object Object],[object Object],[object Object],[object Object],[object Object],[object Object],[object Object],[object Object],[object Object]","timestamp":"2014/04/25 16:50:35,243"}
{"level":"debug","message":"nodeInfo.json:logs/console_20140414.log - undefined","timestamp":"2014/04/25 16:50:44,671"}
{"level":"debug","message":"nodeInfo.json:logs/console_20140411.log - undefined","timestamp":"2014/04/25 16:51:25,807"}
{"level":"debug","message":"nodeInfo.json:logs/console_20140414.log - undefined","timestamp":"2014/04/25 17:06:39,83"}
{"level":"debug","message":"nodeInfo.json:logs/console_20140414.log - undefined","timestamp":"2014/04/25 17:08:53,954"}
{"level":"debug","message":"nodeInfo.json:logs/console_20140415.log - [object Object],[object Object],[object Object],[object Object],[object Object],[object Object],[object Object],[object Object],[object Object],[object Object],[object Object],[object Object],[object Object],[object Object]","timestamp":"2014/04/25 17:11:04,895"}
{"date":"Fri Apr 25 2014 18:07:59 GMT+0900 (대한민국 표준시)","process":{"pid":4860,"uid":null,"gid":null,"cwd":"C:\\Users\\jbpark\\git\\wlog\\wlog","execPath":"C:\\Program Files\\nodejs\\node.exe","version":"v0.10.26","argv":["node","C:\\Users\\jbpark\\git\\wlog\\wlog\\app.js"],"memoryUsage":{"rss":20819968,"heapTotal":14519296,"heapUsed":5894840}},"os":{"loadavg":[0,0,0],"uptime":33635.7897746},"trace":[{"column":null,"file":null,"function":"Object.parse","line":null,"method":"parse","native":true},{"column":22,"file":"C:\\Users\\jbpark\\git\\wlog\\wlog\\app.js","function":"","line":35,"method":null,"native":false},{"column":26,"file":"module.js","function":"Module._compile","line":456,"method":"_compile","native":false},{"column":10,"file":"module.js","function":"Object.Module._extensions..js","line":474,"method":"Module._extensions..js","native":false},{"column":32,"file":"module.js","function":"Module.load","line":356,"method":"load","native":false},{"column":12,"file":"module.js","function":"Function.Module._load","line":312,"method":"Module._load","native":false},{"column":10,"file":"module.js","function":"Function.Module.runMain","line":497,"method":"Module.runMain","native":false},{"column":16,"file":"node.js","function":"startup","line":119,"method":null,"native":false},{"column":3,"file":"node.js","function":null,"line":902,"method":null,"native":false}],"stack":["SyntaxError: Unexpected token w","    at Object.parse (native)","    at Object.<anonymous> (C:\\Users\\jbpark\\git\\wlog\\wlog\\app.js:35:22)","    at Module._compile (module.js:456:26)","    at Object.Module._extensions..js (module.js:474:10)","    at Module.load (module.js:356:32)","    at Function.Module._load (module.js:312:12)","    at Function.Module.runMain (module.js:497:10)","    at startup (node.js:119:16)","    at node.js:902:3"],"level":"error","message":"uncaughtException: Unexpected token w","timestamp":"2014/04/25 18:07:59,910"}
{"level":"info","message":"read server.conf!","timestamp":"2014/04/25 18:08:42,419"}
{"level":"debug","message":"{\r\n\t\"port\": 3000,\r\n\t\"maxLine\": 1000,\r\n\t\"encryptKey\": \"wlog$cookieParser$encrypt#key\",\r\n\t\"fileReloadTime\": 3600000,\r\n\t\"files\": [\r\n\t\t{\"id\": \"ap01\", \"name\":\"기간계 AP1\", \"path\":\"logs\", \"filter\":\"console_([0-9]){8}\\\\.log\"},\r\n\t\t{\"id\": \"test\", \"name\":\"테스트 시스템\", \"path\":\"D:\\\\\\\\workspace\\\\\\\\test\\\\\\\\logs\", \"filter\":\"console\\\\.log\"}\r\n\t],\r\n\t\"users\": [\r\n\t\t{\"id\":\"test1\", \"name\":\"test1\", \"passwd\":\"1234\"},\r\n\t\t{\"id\":\"test2\", \"name\":\"test2\", \"passwd\":\"1234\"}\r\n\t]\r\n}","timestamp":"2014/04/25 18:08:42,423"}
{"level":"debug","message":"load file - logs","timestamp":"2014/04/25 18:08:42,424"}
{"level":"debug","message":"file date:22, today:25","timestamp":"2014/04/25 18:08:42,425"}
{"level":"debug","message":"file date:25, today:25","timestamp":"2014/04/25 18:08:42,425"}
{"level":"debug","message":"logs/console_20140412.log - add timesize!","timestamp":"2014/04/25 18:08:42,425"}
{"level":"debug","message":"file date:25, today:25","timestamp":"2014/04/25 18:08:42,426"}
{"level":"debug","message":"logs/console_20140413.log - add timesize!","timestamp":"2014/04/25 18:08:42,426"}
{"level":"debug","message":"file date:22, today:25","timestamp":"2014/04/25 18:08:42,427"}
{"level":"debug","message":"file date:25, today:25","timestamp":"2014/04/25 18:08:42,427"}
{"level":"debug","message":"logs/console_20140415.log - add timesize!","timestamp":"2014/04/25 18:08:42,427"}
{"level":"debug","message":"load file - D:\\\\workspace\\\\test\\\\logs","timestamp":"2014/04/25 18:08:42,427"}
{"level":"debug","message":"file date:25, today:25","timestamp":"2014/04/25 18:08:42,428"}
{"level":"debug","message":"D:\\\\workspace\\\\test\\\\logs/console.log - first timesize! ","timestamp":"2014/04/25 18:08:42,428"}
{"level":"info","message":"files load end.","timestamp":"2014/04/25 18:08:42,428"}
{"level":"info","message":"make nodes","timestamp":"2014/04/25 18:08:42,429"}
{"level":"debug","message":"[{\"id\":\"ap01\",\"parent\":\"#\",\"text\":\"기간계 AP1\"},{\"id\":\"ap01_3\",\"parent\":\"ap01\",\"text\":\"console_20140411.log\",\"icon\":\"images/document.png\"},{\"id\":\"ap01_4\",\"parent\":\"ap01\",\"text\":\"console_20140412.log\",\"icon\":\"images/document.png\"},{\"id\":\"ap01_5\",\"parent\":\"ap01\",\"text\":\"console_20140413.log\",\"icon\":\"images/document.png\"},{\"id\":\"ap01_6\",\"parent\":\"ap01\",\"text\":\"console_20140414.log\",\"icon\":\"images/document.png\"},{\"id\":\"ap01_7\",\"parent\":\"ap01\",\"text\":\"console_20140415.log\",\"icon\":\"images/document.png\"},{\"id\":\"test\",\"parent\":\"#\",\"text\":\"테스트 시스템\"},{\"id\":\"test_0\",\"parent\":\"test\",\"text\":\"console.log\",\"icon\":\"images/document.png\"}]","timestamp":"2014/04/25 18:08:42,432"}
{"level":"debug","message":"nodeInfo.json:D:\\\\workspace\\\\test\\\\logs/console.log - [object Object]","timestamp":"2014/04/25 18:09:07,718"}
